-- The C compiler identification is GNU 11.4.0
-- The CXX compiler identification is GNU 11.4.0
-- Detecting C compiler ABI info
-- Detecting C compiler ABI info - done
-- Check for working C compiler: /usr/bin/cc - skipped
-- Detecting C compile features
-- Detecting C compile features - done
-- Detecting CXX compiler ABI info
-- Detecting CXX compiler ABI info - done
-- Check for working CXX compiler: /usr/bin/c++ - skipped
-- Detecting CXX compile features
-- Detecting CXX compile features - done
-- Found ament_cmake: 1.3.11 (/opt/ros/humble/share/ament_cmake/cmake)
-- Found Python3: /home/jwang/anaconda3/envs/jwang/bin/python3 (found version "3.8.20") found components: Interpreter 
-- Found rclcpp: 16.0.11 (/opt/ros/humble/share/rclcpp/cmake)
-- Found rosidl_generator_c: 3.1.6 (/opt/ros/humble/share/rosidl_generator_c/cmake)
-- Found rosidl_adapter: 3.1.6 (/opt/ros/humble/share/rosidl_adapter/cmake)
-- Found rosidl_generator_cpp: 3.1.6 (/opt/ros/humble/share/rosidl_generator_cpp/cmake)
-- Using all available rosidl_typesupport_c: rosidl_typesupport_fastrtps_c;rosidl_typesupport_introspection_c
-- Using all available rosidl_typesupport_cpp: rosidl_typesupport_fastrtps_cpp;rosidl_typesupport_introspection_cpp
-- Found rmw_implementation_cmake: 6.1.2 (/opt/ros/humble/share/rmw_implementation_cmake/cmake)
-- Found rmw_fastrtps_cpp: 6.2.7 (/opt/ros/humble/share/rmw_fastrtps_cpp/cmake)
-- Found OpenSSL: /usr/lib/x86_64-linux-gnu/libcrypto.so (found version "3.0.2")  
-- Found FastRTPS: /opt/ros/humble/include  
-- Using RMW implementation 'rmw_fastrtps_cpp' as default
-- Looking for pthread.h
-- Looking for pthread.h - found
-- Performing Test CMAKE_HAVE_LIBC_PTHREAD
-- Performing Test CMAKE_HAVE_LIBC_PTHREAD - Success
-- Found Threads: TRUE  
-- Found tf2_ros: 0.25.12 (/opt/ros/humble/share/tf2_ros/cmake)
-- Found tf2_geometry_msgs: 0.25.12 (/opt/ros/humble/share/tf2_geometry_msgs/cmake)
-- Found eigen3_cmake_module: 0.1.1 (/opt/ros/humble/share/eigen3_cmake_module/cmake)
-- Found Eigen3: TRUE (found version "3.4.0") 
-- Ensuring Eigen3 include directory is part of orocos-kdl CMake target
-- Found example_interfaces: 0.9.3 (/opt/ros/humble/share/example_interfaces/cmake)
-- Found interfaces: 0.0.0 (/home/jwang/jwang/ros2_demo/install/interfaces/share/interfaces/cmake)
-- Found cv_bridge: 3.2.1 (/opt/ros/humble/share/cv_bridge/cmake)
-- Found CUDA: /usr/local/cuda (found suitable exact version "12.4") 
-- Found OpenCV: /usr/local (found version "4.11.0") 
-- Configuring done
-- Generating done
-- Build files have been written to: /home/jwang/jwang/ros2_demo/build/composable_node_demo
[ 12%] [32mBuilding CXX object CMakeFiles/publisher_node.dir/rclcpp_components/node_main_publisher_node.cpp.o[0m
[ 12%] [32mBuilding CXX object CMakeFiles/tf2_listener.dir/rclcpp_components/node_main_tf2_listener.cpp.o[0m
[ 12%] [32mBuilding CXX object CMakeFiles/publisher_node_component.dir/src/publisher_node.cpp.o[0m
[ 16%] [32mBuilding CXX object CMakeFiles/tf2_publisher_component.dir/src/tf2_publisher.cpp.o[0m
[ 20%] [32mBuilding CXX object CMakeFiles/service_node_component.dir/src/service_node.cpp.o[0m
[ 25%] [32mBuilding CXX object CMakeFiles/subscriber_node.dir/rclcpp_components/node_main_subscriber_node.cpp.o[0m
[ 29%] [32mBuilding CXX object CMakeFiles/subscriber_node_component.dir/src/subscriber_node.cpp.o[0m
[ 33%] [32mBuilding CXX object CMakeFiles/tf2_publisher.dir/rclcpp_components/node_main_tf2_publisher.cpp.o[0m
[ 37%] [32mBuilding CXX object CMakeFiles/client_node_component.dir/src/client_node.cpp.o[0m
[ 45%] [32mBuilding CXX object CMakeFiles/client_node.dir/rclcpp_components/node_main_client_node.cpp.o[0m
[ 45%] [32mBuilding CXX object CMakeFiles/service_node.dir/rclcpp_components/node_main_service_node.cpp.o[0m
[ 50%] [32mBuilding CXX object CMakeFiles/tf2_listener_component.dir/src/tf2_listener.cpp.o[0m
[ 54%] [32m[1mLinking CXX executable subscriber_node[0m
[ 58%] [32m[1mLinking CXX executable tf2_publisher[0m
[ 58%] Built target subscriber_node
[ 58%] Built target tf2_publisher
[ 62%] [32m[1mLinking CXX executable service_node[0m
[ 66%] [32m[1mLinking CXX executable client_node[0m
[ 66%] Built target service_node
[ 66%] Built target client_node
[ 70%] [32m[1mLinking CXX executable publisher_node[0m
[ 70%] Built target publisher_node
[ 75%] [32m[1mLinking CXX shared library libtf2_publisher_component.so[0m
[ 79%] [32m[1mLinking CXX shared library libpublisher_node_component.so[0m
[ 79%] Built target tf2_publisher_component
[ 83%] [32m[1mLinking CXX executable tf2_listener[0m
[ 83%] Built target publisher_node_component
[ 87%] [32m[1mLinking CXX shared library libtf2_listener_component.so[0m
[ 87%] Built target tf2_listener
[ 87%] Built target tf2_listener_component
[ 91%] [32m[1mLinking CXX shared library libclient_node_component.so[0m
[ 91%] Built target client_node_component
[ 95%] [32m[1mLinking CXX shared library libservice_node_component.so[0m
[ 95%] Built target service_node_component
[100%] [32m[1mLinking CXX shared library libsubscriber_node_component.so[0m
[100%] Built target subscriber_node_component
-- Install configuration: ""
-- Installing: /home/jwang/jwang/ros2_demo/install/composable_node_demo/lib/composable_node_demo/publisher_node
-- Set runtime path of "/home/jwang/jwang/ros2_demo/install/composable_node_demo/lib/composable_node_demo/publisher_node" to ""
-- Installing: /home/jwang/jwang/ros2_demo/install/composable_node_demo/lib/composable_node_demo/subscriber_node
-- Set runtime path of "/home/jwang/jwang/ros2_demo/install/composable_node_demo/lib/composable_node_demo/subscriber_node" to ""
-- Installing: /home/jwang/jwang/ros2_demo/install/composable_node_demo/lib/composable_node_demo/service_node
-- Set runtime path of "/home/jwang/jwang/ros2_demo/install/composable_node_demo/lib/composable_node_demo/service_node" to ""
-- Installing: /home/jwang/jwang/ros2_demo/install/composable_node_demo/lib/composable_node_demo/client_node
-- Set runtime path of "/home/jwang/jwang/ros2_demo/install/composable_node_demo/lib/composable_node_demo/client_node" to ""
-- Installing: /home/jwang/jwang/ros2_demo/install/composable_node_demo/lib/composable_node_demo/tf2_publisher
-- Set runtime path of "/home/jwang/jwang/ros2_demo/install/composable_node_demo/lib/composable_node_demo/tf2_publisher" to ""
-- Installing: /home/jwang/jwang/ros2_demo/install/composable_node_demo/lib/composable_node_demo/tf2_listener
-- Set runtime path of "/home/jwang/jwang/ros2_demo/install/composable_node_demo/lib/composable_node_demo/tf2_listener" to ""
-- Installing: /home/jwang/jwang/ros2_demo/install/composable_node_demo/lib/libpublisher_node_component.so
-- Set runtime path of "/home/jwang/jwang/ros2_demo/install/composable_node_demo/lib/libpublisher_node_component.so" to ""
-- Installing: /home/jwang/jwang/ros2_demo/install/composable_node_demo/lib/libsubscriber_node_component.so
-- Set runtime path of "/home/jwang/jwang/ros2_demo/install/composable_node_demo/lib/libsubscriber_node_component.so" to ""
-- Installing: /home/jwang/jwang/ros2_demo/install/composable_node_demo/lib/libservice_node_component.so
-- Set runtime path of "/home/jwang/jwang/ros2_demo/install/composable_node_demo/lib/libservice_node_component.so" to ""
-- Installing: /home/jwang/jwang/ros2_demo/install/composable_node_demo/lib/libclient_node_component.so
-- Set runtime path of "/home/jwang/jwang/ros2_demo/install/composable_node_demo/lib/libclient_node_component.so" to ""
-- Installing: /home/jwang/jwang/ros2_demo/install/composable_node_demo/lib/libtf2_publisher_component.so
-- Set runtime path of "/home/jwang/jwang/ros2_demo/install/composable_node_demo/lib/libtf2_publisher_component.so" to ""
-- Installing: /home/jwang/jwang/ros2_demo/install/composable_node_demo/lib/libtf2_listener_component.so
-- Set runtime path of "/home/jwang/jwang/ros2_demo/install/composable_node_demo/lib/libtf2_listener_component.so" to ""
-- Installing: /home/jwang/jwang/ros2_demo/install/composable_node_demo/share/composable_node_demo/launch
-- Installing: /home/jwang/jwang/ros2_demo/install/composable_node_demo/share/composable_node_demo/launch/demo_launch.py
-- Installing: /home/jwang/jwang/ros2_demo/install/composable_node_demo/share/composable_node_demo/param
-- Installing: /home/jwang/jwang/ros2_demo/install/composable_node_demo/share/composable_node_demo/param/demo_params.yaml
-- Installing: /home/jwang/jwang/ros2_demo/install/composable_node_demo/share/ament_index/resource_index/package_run_dependencies/composable_node_demo
-- Installing: /home/jwang/jwang/ros2_demo/install/composable_node_demo/share/ament_index/resource_index/parent_prefix_path/composable_node_demo
-- Installing: /home/jwang/jwang/ros2_demo/install/composable_node_demo/share/composable_node_demo/environment/ament_prefix_path.sh
-- Installing: /home/jwang/jwang/ros2_demo/install/composable_node_demo/share/composable_node_demo/environment/ament_prefix_path.dsv
-- Installing: /home/jwang/jwang/ros2_demo/install/composable_node_demo/share/composable_node_demo/environment/path.sh
-- Installing: /home/jwang/jwang/ros2_demo/install/composable_node_demo/share/composable_node_demo/environment/path.dsv
-- Installing: /home/jwang/jwang/ros2_demo/install/composable_node_demo/share/composable_node_demo/local_setup.bash
-- Installing: /home/jwang/jwang/ros2_demo/install/composable_node_demo/share/composable_node_demo/local_setup.sh
-- Installing: /home/jwang/jwang/ros2_demo/install/composable_node_demo/share/composable_node_demo/local_setup.zsh
-- Installing: /home/jwang/jwang/ros2_demo/install/composable_node_demo/share/composable_node_demo/local_setup.dsv
-- Installing: /home/jwang/jwang/ros2_demo/install/composable_node_demo/share/composable_node_demo/package.dsv
-- Installing: /home/jwang/jwang/ros2_demo/install/composable_node_demo/share/ament_index/resource_index/packages/composable_node_demo
-- Installing: /home/jwang/jwang/ros2_demo/install/composable_node_demo/share/ament_index/resource_index/rclcpp_components/composable_node_demo
-- Installing: /home/jwang/jwang/ros2_demo/install/composable_node_demo/share/composable_node_demo/cmake/export_publisher_node_componentExport.cmake
-- Installing: /home/jwang/jwang/ros2_demo/install/composable_node_demo/share/composable_node_demo/cmake/export_publisher_node_componentExport-noconfig.cmake
-- Installing: /home/jwang/jwang/ros2_demo/install/composable_node_demo/share/composable_node_demo/cmake/export_subscriber_node_componentExport.cmake
-- Installing: /home/jwang/jwang/ros2_demo/install/composable_node_demo/share/composable_node_demo/cmake/export_subscriber_node_componentExport-noconfig.cmake
-- Installing: /home/jwang/jwang/ros2_demo/install/composable_node_demo/share/composable_node_demo/cmake/export_service_node_componentExport.cmake
-- Installing: /home/jwang/jwang/ros2_demo/install/composable_node_demo/share/composable_node_demo/cmake/export_service_node_componentExport-noconfig.cmake
-- Installing: /home/jwang/jwang/ros2_demo/install/composable_node_demo/share/composable_node_demo/cmake/export_client_node_componentExport.cmake
-- Installing: /home/jwang/jwang/ros2_demo/install/composable_node_demo/share/composable_node_demo/cmake/export_client_node_componentExport-noconfig.cmake
-- Installing: /home/jwang/jwang/ros2_demo/install/composable_node_demo/share/composable_node_demo/cmake/export_tf2_publisher_componentExport.cmake
-- Installing: /home/jwang/jwang/ros2_demo/install/composable_node_demo/share/composable_node_demo/cmake/export_tf2_publisher_componentExport-noconfig.cmake
-- Installing: /home/jwang/jwang/ros2_demo/install/composable_node_demo/share/composable_node_demo/cmake/export_tf2_listener_componentExport.cmake
-- Installing: /home/jwang/jwang/ros2_demo/install/composable_node_demo/share/composable_node_demo/cmake/export_tf2_listener_componentExport-noconfig.cmake
-- Installing: /home/jwang/jwang/ros2_demo/install/composable_node_demo/share/composable_node_demo/cmake/ament_cmake_export_targets-extras.cmake
-- Installing: /home/jwang/jwang/ros2_demo/install/composable_node_demo/share/composable_node_demo/cmake/composable_node_demoConfig.cmake
-- Installing: /home/jwang/jwang/ros2_demo/install/composable_node_demo/share/composable_node_demo/cmake/composable_node_demoConfig-version.cmake
-- Installing: /home/jwang/jwang/ros2_demo/install/composable_node_demo/share/composable_node_demo/package.xml
