-- The C compiler identification is GNU 11.4.0
-- The CXX compiler identification is GNU 11.4.0
-- Detecting C compiler ABI info
-- Detecting C compiler ABI info - done
-- Check for working C compiler: /usr/bin/cc - skipped
-- Detecting C compile features
-- Detecting C compile features - done
-- Detecting CXX compiler ABI info
-- Detecting CXX compiler ABI info - done
-- Check for working CXX compiler: /usr/bin/c++ - skipped
-- Detecting CXX compile features
-- Detecting CXX compile features - done
-- Found ament_cmake: 1.3.11 (/opt/ros/humble/share/ament_cmake/cmake)
-- Found Python3: /home/jwang/anaconda3/envs/jwang/bin/python3 (found version "3.8.20") found components: Interpreter 
-- Found sensor_msgs: 4.2.4 (/opt/ros/humble/share/sensor_msgs/cmake)
-- Found rosidl_generator_c: 3.1.6 (/opt/ros/humble/share/rosidl_generator_c/cmake)
-- Found rosidl_adapter: 3.1.6 (/opt/ros/humble/share/rosidl_adapter/cmake)
-- Found rosidl_generator_cpp: 3.1.6 (/opt/ros/humble/share/rosidl_generator_cpp/cmake)
-- Using all available rosidl_typesupport_c: rosidl_typesupport_fastrtps_c;rosidl_typesupport_introspection_c
-- Using all available rosidl_typesupport_cpp: rosidl_typesupport_fastrtps_cpp;rosidl_typesupport_introspection_cpp
-- Found rosidl_default_generators: 1.2.0 (/opt/ros/humble/share/rosidl_default_generators/cmake)
-- Found ament_cmake_ros: 0.10.0 (/opt/ros/humble/share/ament_cmake_ros/cmake)
-- Using all available rosidl_typesupport_c: rosidl_typesupport_fastrtps_c;rosidl_typesupport_introspection_c
-- Using all available rosidl_typesupport_cpp: rosidl_typesupport_fastrtps_cpp;rosidl_typesupport_introspection_cpp
-- Found PythonInterp: /home/jwang/anaconda3/envs/jwang/bin/python3 (found suitable version "3.8.20", minimum required is "3.6") 
-- Found python_cmake_module: 0.10.0 (/opt/ros/humble/share/python_cmake_module/cmake)
-- Found PythonLibs: /home/jwang/anaconda3/envs/jwang/lib/libpython3.8.so (found suitable version "3.8.20", minimum required is "3.5") 
-- Using PYTHON_EXECUTABLE: /home/jwang/anaconda3/envs/jwang/bin/python3
-- Using PYTHON_INCLUDE_DIRS: /home/jwang/anaconda3/envs/jwang/include/python3.8
-- Using PYTHON_LIBRARIES: /home/jwang/anaconda3/envs/jwang/lib/libpython3.8.so
-- Found PythonExtra: .so  
-- Using numpy include directory: /home/jwang/anaconda3/envs/jwang/lib/python3.8/site-packages/numpy/core/include
-- Found ament_lint_auto: 0.12.11 (/opt/ros/humble/share/ament_lint_auto/cmake)
-- Added test 'lint_cmake' to check CMake code style
-- Added test 'xmllint' to check XML markup files
-- Configuring done
-- Generating done
-- Build files have been written to: /home/jwang/jwang/ros2_demo/build/interfaces
[  2%] [34m[1mGenerating C code for ROS interfaces[0m
[  5%] [34m[1mGenerating C++ code for ROS interfaces[0m
[  5%] Built target ament_cmake_python_copy_interfaces
running egg_info
creating interfaces.egg-info
writing interfaces.egg-info/PKG-INFO
writing dependency_links to interfaces.egg-info/dependency_links.txt
writing top-level names to interfaces.egg-info/top_level.txt
writing manifest file 'interfaces.egg-info/SOURCES.txt'
reading manifest file 'interfaces.egg-info/SOURCES.txt'
writing manifest file 'interfaces.egg-info/SOURCES.txt'
[  5%] Built target ament_cmake_python_build_interfaces_egg
[  5%] Built target interfaces__cpp
[  7%] [34m[1mGenerating C++ type support for eProsima Fast-RTPS[0m
[ 10%] [34m[1mGenerating C++ introspection for ROS interfaces[0m
[ 12%] [34m[1mGenerating C++ type support dispatch for ROS interfaces[0m
[ 17%] [32mBuilding C object CMakeFiles/interfaces__rosidl_generator_c.dir/rosidl_generator_c/interfaces/msg/detail/num__functions.c.o[0m
[ 17%] [32mBuilding C object CMakeFiles/interfaces__rosidl_generator_c.dir/rosidl_generator_c/interfaces/srv/detail/myimage__functions.c.o[0m
[ 20%] [32m[1mLinking C shared library libinterfaces__rosidl_generator_c.so[0m
[ 20%] Built target interfaces__rosidl_generator_c
[ 23%] [34m[1mGenerating C introspection for ROS interfaces[0m
[ 25%] [34m[1mGenerating C type support dispatch for ROS interfaces[0m
[ 28%] [34m[1mGenerating C type support for eProsima Fast-RTPS[0m
[ 30%] [32mBuilding CXX object CMakeFiles/interfaces__rosidl_typesupport_cpp.dir/rosidl_typesupport_cpp/interfaces/msg/num__type_support.cpp.o[0m
[ 33%] [32mBuilding CXX object CMakeFiles/interfaces__rosidl_typesupport_cpp.dir/rosidl_typesupport_cpp/interfaces/srv/myimage__type_support.cpp.o[0m
[ 35%] [32mBuilding CXX object CMakeFiles/interfaces__rosidl_typesupport_introspection_cpp.dir/rosidl_typesupport_introspection_cpp/interfaces/srv/detail/myimage__type_support.cpp.o[0m
[ 38%] [32mBuilding CXX object CMakeFiles/interfaces__rosidl_typesupport_introspection_cpp.dir/rosidl_typesupport_introspection_cpp/interfaces/msg/detail/num__type_support.cpp.o[0m
[ 41%] [32mBuilding CXX object CMakeFiles/interfaces__rosidl_typesupport_fastrtps_cpp.dir/rosidl_typesupport_fastrtps_cpp/interfaces/msg/detail/dds_fastrtps/num__type_support.cpp.o[0m
[ 43%] [32mBuilding CXX object CMakeFiles/interfaces__rosidl_typesupport_fastrtps_cpp.dir/rosidl_typesupport_fastrtps_cpp/interfaces/srv/detail/dds_fastrtps/myimage__type_support.cpp.o[0m
[ 46%] [32mBuilding CXX object CMakeFiles/interfaces__rosidl_typesupport_c.dir/rosidl_typesupport_c/interfaces/srv/myimage__type_support.cpp.o[0m
[ 48%] [32mBuilding CXX object CMakeFiles/interfaces__rosidl_typesupport_c.dir/rosidl_typesupport_c/interfaces/msg/num__type_support.cpp.o[0m
[ 51%] [32m[1mLinking CXX shared library libinterfaces__rosidl_typesupport_c.so[0m
[ 53%] [32mBuilding CXX object CMakeFiles/interfaces__rosidl_typesupport_fastrtps_c.dir/rosidl_typesupport_fastrtps_c/interfaces/msg/detail/num__type_support_c.cpp.o[0m
[ 56%] [32mBuilding CXX object CMakeFiles/interfaces__rosidl_typesupport_fastrtps_c.dir/rosidl_typesupport_fastrtps_c/interfaces/srv/detail/myimage__type_support_c.cpp.o[0m
[ 58%] [32mBuilding C object CMakeFiles/interfaces__rosidl_typesupport_introspection_c.dir/rosidl_typesupport_introspection_c/interfaces/srv/detail/myimage__type_support.c.o[0m
[ 61%] [32mBuilding C object CMakeFiles/interfaces__rosidl_typesupport_introspection_c.dir/rosidl_typesupport_introspection_c/interfaces/msg/detail/num__type_support.c.o[0m
[ 61%] Built target interfaces__rosidl_typesupport_c
[ 64%] [32m[1mLinking CXX shared library libinterfaces__rosidl_typesupport_cpp.so[0m
[ 66%] [32m[1mLinking C shared library libinterfaces__rosidl_typesupport_introspection_c.so[0m
[ 66%] Built target interfaces__rosidl_typesupport_introspection_c
[ 66%] Built target interfaces__rosidl_typesupport_cpp
[ 69%] [32m[1mLinking CXX shared library libinterfaces__rosidl_typesupport_fastrtps_c.so[0m
[ 71%] [32m[1mLinking CXX shared library libinterfaces__rosidl_typesupport_fastrtps_cpp.so[0m
[ 74%] [32m[1mLinking CXX shared library libinterfaces__rosidl_typesupport_introspection_cpp.so[0m
[ 74%] Built target interfaces__rosidl_typesupport_fastrtps_c
[ 74%] Built target interfaces__rosidl_typesupport_fastrtps_cpp
[ 74%] Built target interfaces__rosidl_typesupport_introspection_cpp
[ 74%] Built target interfaces
[ 76%] [34m[1mGenerating Python code for ROS interfaces[0m
[ 76%] Built target interfaces__py
[ 79%] [32mBuilding C object CMakeFiles/interfaces__rosidl_generator_py.dir/rosidl_generator_py/interfaces/srv/_myimage_s.c.o[0m
[ 82%] [32mBuilding C object CMakeFiles/interfaces__rosidl_generator_py.dir/rosidl_generator_py/interfaces/msg/_num_s.c.o[0m
[ 84%] [32m[1mLinking C shared library rosidl_generator_py/interfaces/libinterfaces__rosidl_generator_py.so[0m
[ 84%] Built target interfaces__rosidl_generator_py
[ 87%] [32mBuilding C object CMakeFiles/interfaces__rosidl_typesupport_c__pyext.dir/rosidl_generator_py/interfaces/_interfaces_s.ep.rosidl_typesupport_c.c.o[0m
[ 89%] [32mBuilding C object CMakeFiles/interfaces__rosidl_typesupport_introspection_c__pyext.dir/rosidl_generator_py/interfaces/_interfaces_s.ep.rosidl_typesupport_introspection_c.c.o[0m
[ 92%] [32mBuilding C object CMakeFiles/interfaces__rosidl_typesupport_fastrtps_c__pyext.dir/rosidl_generator_py/interfaces/_interfaces_s.ep.rosidl_typesupport_fastrtps_c.c.o[0m
[ 94%] [32m[1mLinking C shared library rosidl_generator_py/interfaces/interfaces_s__rosidl_typesupport_c.cpython-38-x86_64-linux-gnu.so[0m
[ 97%] [32m[1mLinking C shared library rosidl_generator_py/interfaces/interfaces_s__rosidl_typesupport_fastrtps_c.cpython-38-x86_64-linux-gnu.so[0m
[100%] [32m[1mLinking C shared library rosidl_generator_py/interfaces/interfaces_s__rosidl_typesupport_introspection_c.cpython-38-x86_64-linux-gnu.so[0m
[100%] Built target interfaces__rosidl_typesupport_c__pyext
[100%] Built target interfaces__rosidl_typesupport_fastrtps_c__pyext
[100%] Built target interfaces__rosidl_typesupport_introspection_c__pyext
-- Install configuration: ""
-- Installing: /home/jwang/jwang/ros2_demo/install/interfaces/share/ament_index/resource_index/rosidl_interfaces/interfaces
-- Installing: /home/jwang/jwang/ros2_demo/install/interfaces/include/interfaces/interfaces
-- Installing: /home/jwang/jwang/ros2_demo/install/interfaces/include/interfaces/interfaces/msg
-- Installing: /home/jwang/jwang/ros2_demo/install/interfaces/include/interfaces/interfaces/msg/detail
-- Installing: /home/jwang/jwang/ros2_demo/install/interfaces/include/interfaces/interfaces/msg/detail/num__functions.h
-- Installing: /home/jwang/jwang/ros2_demo/install/interfaces/include/interfaces/interfaces/msg/detail/num__struct.h
-- Installing: /home/jwang/jwang/ros2_demo/install/interfaces/include/interfaces/interfaces/msg/detail/num__type_support.h
-- Installing: /home/jwang/jwang/ros2_demo/install/interfaces/include/interfaces/interfaces/msg/detail/num__functions.c
-- Installing: /home/jwang/jwang/ros2_demo/install/interfaces/include/interfaces/interfaces/msg/rosidl_generator_c__visibility_control.h
-- Installing: /home/jwang/jwang/ros2_demo/install/interfaces/include/interfaces/interfaces/msg/num.h
-- Installing: /home/jwang/jwang/ros2_demo/install/interfaces/include/interfaces/interfaces/srv
-- Installing: /home/jwang/jwang/ros2_demo/install/interfaces/include/interfaces/interfaces/srv/myimage.h
-- Installing: /home/jwang/jwang/ros2_demo/install/interfaces/include/interfaces/interfaces/srv/detail
-- Installing: /home/jwang/jwang/ros2_demo/install/interfaces/include/interfaces/interfaces/srv/detail/myimage__struct.h
-- Installing: /home/jwang/jwang/ros2_demo/install/interfaces/include/interfaces/interfaces/srv/detail/myimage__functions.c
-- Installing: /home/jwang/jwang/ros2_demo/install/interfaces/include/interfaces/interfaces/srv/detail/myimage__functions.h
-- Installing: /home/jwang/jwang/ros2_demo/install/interfaces/include/interfaces/interfaces/srv/detail/myimage__type_support.h
-- Installing: /home/jwang/jwang/ros2_demo/install/interfaces/share/interfaces/environment/library_path.sh
-- Installing: /home/jwang/jwang/ros2_demo/install/interfaces/share/interfaces/environment/library_path.dsv
-- Installing: /home/jwang/jwang/ros2_demo/install/interfaces/lib/libinterfaces__rosidl_generator_c.so
-- Set runtime path of "/home/jwang/jwang/ros2_demo/install/interfaces/lib/libinterfaces__rosidl_generator_c.so" to ""
-- Up-to-date: /home/jwang/jwang/ros2_demo/install/interfaces/include/interfaces/interfaces
-- Up-to-date: /home/jwang/jwang/ros2_demo/install/interfaces/include/interfaces/interfaces/msg
-- Up-to-date: /home/jwang/jwang/ros2_demo/install/interfaces/include/interfaces/interfaces/msg/detail
-- Installing: /home/jwang/jwang/ros2_demo/install/interfaces/include/interfaces/interfaces/msg/detail/num__rosidl_typesupport_fastrtps_c.h
-- Installing: /home/jwang/jwang/ros2_demo/install/interfaces/include/interfaces/interfaces/msg/rosidl_typesupport_fastrtps_c__visibility_control.h
-- Up-to-date: /home/jwang/jwang/ros2_demo/install/interfaces/include/interfaces/interfaces/srv
-- Up-to-date: /home/jwang/jwang/ros2_demo/install/interfaces/include/interfaces/interfaces/srv/detail
-- Installing: /home/jwang/jwang/ros2_demo/install/interfaces/include/interfaces/interfaces/srv/detail/myimage__rosidl_typesupport_fastrtps_c.h
-- Installing: /home/jwang/jwang/ros2_demo/install/interfaces/lib/libinterfaces__rosidl_typesupport_fastrtps_c.so
-- Set runtime path of "/home/jwang/jwang/ros2_demo/install/interfaces/lib/libinterfaces__rosidl_typesupport_fastrtps_c.so" to ""
-- Up-to-date: /home/jwang/jwang/ros2_demo/install/interfaces/include/interfaces/interfaces
-- Up-to-date: /home/jwang/jwang/ros2_demo/install/interfaces/include/interfaces/interfaces/msg
-- Installing: /home/jwang/jwang/ros2_demo/install/interfaces/include/interfaces/interfaces/msg/rosidl_generator_cpp__visibility_control.hpp
-- Up-to-date: /home/jwang/jwang/ros2_demo/install/interfaces/include/interfaces/interfaces/msg/detail
-- Installing: /home/jwang/jwang/ros2_demo/install/interfaces/include/interfaces/interfaces/msg/detail/num__type_support.hpp
-- Installing: /home/jwang/jwang/ros2_demo/install/interfaces/include/interfaces/interfaces/msg/detail/num__traits.hpp
-- Installing: /home/jwang/jwang/ros2_demo/install/interfaces/include/interfaces/interfaces/msg/detail/num__struct.hpp
-- Installing: /home/jwang/jwang/ros2_demo/install/interfaces/include/interfaces/interfaces/msg/detail/num__builder.hpp
-- Installing: /home/jwang/jwang/ros2_demo/install/interfaces/include/interfaces/interfaces/msg/num.hpp
-- Up-to-date: /home/jwang/jwang/ros2_demo/install/interfaces/include/interfaces/interfaces/srv
-- Installing: /home/jwang/jwang/ros2_demo/install/interfaces/include/interfaces/interfaces/srv/myimage.hpp
-- Up-to-date: /home/jwang/jwang/ros2_demo/install/interfaces/include/interfaces/interfaces/srv/detail
-- Installing: /home/jwang/jwang/ros2_demo/install/interfaces/include/interfaces/interfaces/srv/detail/myimage__builder.hpp
-- Installing: /home/jwang/jwang/ros2_demo/install/interfaces/include/interfaces/interfaces/srv/detail/myimage__struct.hpp
-- Installing: /home/jwang/jwang/ros2_demo/install/interfaces/include/interfaces/interfaces/srv/detail/myimage__type_support.hpp
-- Installing: /home/jwang/jwang/ros2_demo/install/interfaces/include/interfaces/interfaces/srv/detail/myimage__traits.hpp
-- Up-to-date: /home/jwang/jwang/ros2_demo/install/interfaces/include/interfaces/interfaces
-- Up-to-date: /home/jwang/jwang/ros2_demo/install/interfaces/include/interfaces/interfaces/msg
-- Up-to-date: /home/jwang/jwang/ros2_demo/install/interfaces/include/interfaces/interfaces/msg/detail
-- Installing: /home/jwang/jwang/ros2_demo/install/interfaces/include/interfaces/interfaces/msg/detail/num__rosidl_typesupport_fastrtps_cpp.hpp
-- Installing: /home/jwang/jwang/ros2_demo/install/interfaces/include/interfaces/interfaces/msg/detail/dds_fastrtps
-- Installing: /home/jwang/jwang/ros2_demo/install/interfaces/include/interfaces/interfaces/msg/rosidl_typesupport_fastrtps_cpp__visibility_control.h
-- Up-to-date: /home/jwang/jwang/ros2_demo/install/interfaces/include/interfaces/interfaces/srv
-- Up-to-date: /home/jwang/jwang/ros2_demo/install/interfaces/include/interfaces/interfaces/srv/detail
-- Installing: /home/jwang/jwang/ros2_demo/install/interfaces/include/interfaces/interfaces/srv/detail/myimage__rosidl_typesupport_fastrtps_cpp.hpp
-- Installing: /home/jwang/jwang/ros2_demo/install/interfaces/include/interfaces/interfaces/srv/detail/dds_fastrtps
-- Installing: /home/jwang/jwang/ros2_demo/install/interfaces/lib/libinterfaces__rosidl_typesupport_fastrtps_cpp.so
-- Set runtime path of "/home/jwang/jwang/ros2_demo/install/interfaces/lib/libinterfaces__rosidl_typesupport_fastrtps_cpp.so" to ""
-- Up-to-date: /home/jwang/jwang/ros2_demo/install/interfaces/include/interfaces/interfaces
-- Up-to-date: /home/jwang/jwang/ros2_demo/install/interfaces/include/interfaces/interfaces/msg
-- Up-to-date: /home/jwang/jwang/ros2_demo/install/interfaces/include/interfaces/interfaces/msg/detail
-- Installing: /home/jwang/jwang/ros2_demo/install/interfaces/include/interfaces/interfaces/msg/detail/num__rosidl_typesupport_introspection_c.h
-- Installing: /home/jwang/jwang/ros2_demo/install/interfaces/include/interfaces/interfaces/msg/detail/num__type_support.c
-- Installing: /home/jwang/jwang/ros2_demo/install/interfaces/include/interfaces/interfaces/msg/rosidl_typesupport_introspection_c__visibility_control.h
-- Up-to-date: /home/jwang/jwang/ros2_demo/install/interfaces/include/interfaces/interfaces/srv
-- Up-to-date: /home/jwang/jwang/ros2_demo/install/interfaces/include/interfaces/interfaces/srv/detail
-- Installing: /home/jwang/jwang/ros2_demo/install/interfaces/include/interfaces/interfaces/srv/detail/myimage__rosidl_typesupport_introspection_c.h
-- Installing: /home/jwang/jwang/ros2_demo/install/interfaces/include/interfaces/interfaces/srv/detail/myimage__type_support.c
-- Installing: /home/jwang/jwang/ros2_demo/install/interfaces/lib/libinterfaces__rosidl_typesupport_introspection_c.so
-- Set runtime path of "/home/jwang/jwang/ros2_demo/install/interfaces/lib/libinterfaces__rosidl_typesupport_introspection_c.so" to ""
-- Installing: /home/jwang/jwang/ros2_demo/install/interfaces/lib/libinterfaces__rosidl_typesupport_c.so
-- Set runtime path of "/home/jwang/jwang/ros2_demo/install/interfaces/lib/libinterfaces__rosidl_typesupport_c.so" to ""
-- Up-to-date: /home/jwang/jwang/ros2_demo/install/interfaces/include/interfaces/interfaces
-- Up-to-date: /home/jwang/jwang/ros2_demo/install/interfaces/include/interfaces/interfaces/msg
-- Up-to-date: /home/jwang/jwang/ros2_demo/install/interfaces/include/interfaces/interfaces/msg/detail
-- Installing: /home/jwang/jwang/ros2_demo/install/interfaces/include/interfaces/interfaces/msg/detail/num__type_support.cpp
-- Installing: /home/jwang/jwang/ros2_demo/install/interfaces/include/interfaces/interfaces/msg/detail/num__rosidl_typesupport_introspection_cpp.hpp
-- Up-to-date: /home/jwang/jwang/ros2_demo/install/interfaces/include/interfaces/interfaces/srv
-- Up-to-date: /home/jwang/jwang/ros2_demo/install/interfaces/include/interfaces/interfaces/srv/detail
-- Installing: /home/jwang/jwang/ros2_demo/install/interfaces/include/interfaces/interfaces/srv/detail/myimage__rosidl_typesupport_introspection_cpp.hpp
-- Installing: /home/jwang/jwang/ros2_demo/install/interfaces/include/interfaces/interfaces/srv/detail/myimage__type_support.cpp
-- Installing: /home/jwang/jwang/ros2_demo/install/interfaces/lib/libinterfaces__rosidl_typesupport_introspection_cpp.so
-- Set runtime path of "/home/jwang/jwang/ros2_demo/install/interfaces/lib/libinterfaces__rosidl_typesupport_introspection_cpp.so" to ""
-- Installing: /home/jwang/jwang/ros2_demo/install/interfaces/lib/libinterfaces__rosidl_typesupport_cpp.so
-- Set runtime path of "/home/jwang/jwang/ros2_demo/install/interfaces/lib/libinterfaces__rosidl_typesupport_cpp.so" to ""
-- Installing: /home/jwang/jwang/ros2_demo/install/interfaces/share/interfaces/environment/pythonpath.sh
-- Installing: /home/jwang/jwang/ros2_demo/install/interfaces/share/interfaces/environment/pythonpath.dsv
-- Installing: /home/jwang/jwang/ros2_demo/install/interfaces/lib/python3.8/site-packages/interfaces-0.0.0-py3.8.egg-info
-- Installing: /home/jwang/jwang/ros2_demo/install/interfaces/lib/python3.8/site-packages/interfaces-0.0.0-py3.8.egg-info/SOURCES.txt
-- Installing: /home/jwang/jwang/ros2_demo/install/interfaces/lib/python3.8/site-packages/interfaces-0.0.0-py3.8.egg-info/dependency_links.txt
-- Installing: /home/jwang/jwang/ros2_demo/install/interfaces/lib/python3.8/site-packages/interfaces-0.0.0-py3.8.egg-info/top_level.txt
-- Installing: /home/jwang/jwang/ros2_demo/install/interfaces/lib/python3.8/site-packages/interfaces-0.0.0-py3.8.egg-info/PKG-INFO
-- Installing: /home/jwang/jwang/ros2_demo/install/interfaces/lib/python3.8/site-packages/interfaces
-- Installing: /home/jwang/jwang/ros2_demo/install/interfaces/lib/python3.8/site-packages/interfaces/_interfaces_s.ep.rosidl_typesupport_introspection_c.c
-- Installing: /home/jwang/jwang/ros2_demo/install/interfaces/lib/python3.8/site-packages/interfaces/interfaces_s__rosidl_typesupport_c.cpython-38-x86_64-linux-gnu.so
-- Installing: /home/jwang/jwang/ros2_demo/install/interfaces/lib/python3.8/site-packages/interfaces/msg
-- Installing: /home/jwang/jwang/ros2_demo/install/interfaces/lib/python3.8/site-packages/interfaces/msg/_num.py
-- Installing: /home/jwang/jwang/ros2_demo/install/interfaces/lib/python3.8/site-packages/interfaces/msg/_num_s.c
-- Installing: /home/jwang/jwang/ros2_demo/install/interfaces/lib/python3.8/site-packages/interfaces/msg/__init__.py
-- Installing: /home/jwang/jwang/ros2_demo/install/interfaces/lib/python3.8/site-packages/interfaces/srv
-- Installing: /home/jwang/jwang/ros2_demo/install/interfaces/lib/python3.8/site-packages/interfaces/srv/_myimage.py
-- Installing: /home/jwang/jwang/ros2_demo/install/interfaces/lib/python3.8/site-packages/interfaces/srv/_myimage_s.c
-- Installing: /home/jwang/jwang/ros2_demo/install/interfaces/lib/python3.8/site-packages/interfaces/srv/__init__.py
-- Installing: /home/jwang/jwang/ros2_demo/install/interfaces/lib/python3.8/site-packages/interfaces/__init__.py
-- Installing: /home/jwang/jwang/ros2_demo/install/interfaces/lib/python3.8/site-packages/interfaces/libinterfaces__rosidl_generator_py.so
-- Installing: /home/jwang/jwang/ros2_demo/install/interfaces/lib/python3.8/site-packages/interfaces/interfaces_s__rosidl_typesupport_introspection_c.cpython-38-x86_64-linux-gnu.so
-- Installing: /home/jwang/jwang/ros2_demo/install/interfaces/lib/python3.8/site-packages/interfaces/_interfaces_s.ep.rosidl_typesupport_c.c
-- Installing: /home/jwang/jwang/ros2_demo/install/interfaces/lib/python3.8/site-packages/interfaces/_interfaces_s.ep.rosidl_typesupport_fastrtps_c.c
-- Installing: /home/jwang/jwang/ros2_demo/install/interfaces/lib/python3.8/site-packages/interfaces/interfaces_s__rosidl_typesupport_fastrtps_c.cpython-38-x86_64-linux-gnu.so
Listing '/home/jwang/jwang/ros2_demo/install/interfaces/lib/python3.8/site-packages/interfaces'...
Compiling '/home/jwang/jwang/ros2_demo/install/interfaces/lib/python3.8/site-packages/interfaces/__init__.py'...
Listing '/home/jwang/jwang/ros2_demo/install/interfaces/lib/python3.8/site-packages/interfaces/msg'...
Compiling '/home/jwang/jwang/ros2_demo/install/interfaces/lib/python3.8/site-packages/interfaces/msg/__init__.py'...
Compiling '/home/jwang/jwang/ros2_demo/install/interfaces/lib/python3.8/site-packages/interfaces/msg/_num.py'...
Listing '/home/jwang/jwang/ros2_demo/install/interfaces/lib/python3.8/site-packages/interfaces/srv'...
Compiling '/home/jwang/jwang/ros2_demo/install/interfaces/lib/python3.8/site-packages/interfaces/srv/__init__.py'...
Compiling '/home/jwang/jwang/ros2_demo/install/interfaces/lib/python3.8/site-packages/interfaces/srv/_myimage.py'...
-- Installing: /home/jwang/jwang/ros2_demo/install/interfaces/lib/python3.8/site-packages/interfaces/interfaces_s__rosidl_typesupport_fastrtps_c.cpython-38-x86_64-linux-gnu.so
-- Set runtime path of "/home/jwang/jwang/ros2_demo/install/interfaces/lib/python3.8/site-packages/interfaces/interfaces_s__rosidl_typesupport_fastrtps_c.cpython-38-x86_64-linux-gnu.so" to ""
-- Installing: /home/jwang/jwang/ros2_demo/install/interfaces/lib/python3.8/site-packages/interfaces/interfaces_s__rosidl_typesupport_introspection_c.cpython-38-x86_64-linux-gnu.so
-- Set runtime path of "/home/jwang/jwang/ros2_demo/install/interfaces/lib/python3.8/site-packages/interfaces/interfaces_s__rosidl_typesupport_introspection_c.cpython-38-x86_64-linux-gnu.so" to ""
-- Installing: /home/jwang/jwang/ros2_demo/install/interfaces/lib/python3.8/site-packages/interfaces/interfaces_s__rosidl_typesupport_c.cpython-38-x86_64-linux-gnu.so
-- Set runtime path of "/home/jwang/jwang/ros2_demo/install/interfaces/lib/python3.8/site-packages/interfaces/interfaces_s__rosidl_typesupport_c.cpython-38-x86_64-linux-gnu.so" to ""
-- Installing: /home/jwang/jwang/ros2_demo/install/interfaces/lib/libinterfaces__rosidl_generator_py.so
-- Set runtime path of "/home/jwang/jwang/ros2_demo/install/interfaces/lib/libinterfaces__rosidl_generator_py.so" to ""
-- Installing: /home/jwang/jwang/ros2_demo/install/interfaces/share/interfaces/srv/Myimage.idl
-- Installing: /home/jwang/jwang/ros2_demo/install/interfaces/share/interfaces/msg/Num.idl
-- Installing: /home/jwang/jwang/ros2_demo/install/interfaces/share/interfaces/srv/Myimage.srv
-- Installing: /home/jwang/jwang/ros2_demo/install/interfaces/share/interfaces/srv/Myimage_Request.msg
-- Installing: /home/jwang/jwang/ros2_demo/install/interfaces/share/interfaces/srv/Myimage_Response.msg
-- Installing: /home/jwang/jwang/ros2_demo/install/interfaces/share/interfaces/msg/Num.msg
-- Installing: /home/jwang/jwang/ros2_demo/install/interfaces/share/ament_index/resource_index/package_run_dependencies/interfaces
-- Installing: /home/jwang/jwang/ros2_demo/install/interfaces/share/ament_index/resource_index/parent_prefix_path/interfaces
-- Installing: /home/jwang/jwang/ros2_demo/install/interfaces/share/interfaces/environment/ament_prefix_path.sh
-- Installing: /home/jwang/jwang/ros2_demo/install/interfaces/share/interfaces/environment/ament_prefix_path.dsv
-- Installing: /home/jwang/jwang/ros2_demo/install/interfaces/share/interfaces/environment/path.sh
-- Installing: /home/jwang/jwang/ros2_demo/install/interfaces/share/interfaces/environment/path.dsv
-- Installing: /home/jwang/jwang/ros2_demo/install/interfaces/share/interfaces/local_setup.bash
-- Installing: /home/jwang/jwang/ros2_demo/install/interfaces/share/interfaces/local_setup.sh
-- Installing: /home/jwang/jwang/ros2_demo/install/interfaces/share/interfaces/local_setup.zsh
-- Installing: /home/jwang/jwang/ros2_demo/install/interfaces/share/interfaces/local_setup.dsv
-- Installing: /home/jwang/jwang/ros2_demo/install/interfaces/share/interfaces/package.dsv
-- Installing: /home/jwang/jwang/ros2_demo/install/interfaces/share/ament_index/resource_index/packages/interfaces
-- Installing: /home/jwang/jwang/ros2_demo/install/interfaces/share/interfaces/cmake/export_interfaces__rosidl_generator_cExport.cmake
-- Installing: /home/jwang/jwang/ros2_demo/install/interfaces/share/interfaces/cmake/export_interfaces__rosidl_generator_cExport-noconfig.cmake
-- Installing: /home/jwang/jwang/ros2_demo/install/interfaces/share/interfaces/cmake/export_interfaces__rosidl_typesupport_fastrtps_cExport.cmake
-- Installing: /home/jwang/jwang/ros2_demo/install/interfaces/share/interfaces/cmake/export_interfaces__rosidl_typesupport_fastrtps_cExport-noconfig.cmake
-- Installing: /home/jwang/jwang/ros2_demo/install/interfaces/share/interfaces/cmake/export_interfaces__rosidl_generator_cppExport.cmake
-- Installing: /home/jwang/jwang/ros2_demo/install/interfaces/share/interfaces/cmake/export_interfaces__rosidl_typesupport_fastrtps_cppExport.cmake
-- Installing: /home/jwang/jwang/ros2_demo/install/interfaces/share/interfaces/cmake/export_interfaces__rosidl_typesupport_fastrtps_cppExport-noconfig.cmake
-- Installing: /home/jwang/jwang/ros2_demo/install/interfaces/share/interfaces/cmake/interfaces__rosidl_typesupport_introspection_cExport.cmake
-- Installing: /home/jwang/jwang/ros2_demo/install/interfaces/share/interfaces/cmake/interfaces__rosidl_typesupport_introspection_cExport-noconfig.cmake
-- Installing: /home/jwang/jwang/ros2_demo/install/interfaces/share/interfaces/cmake/interfaces__rosidl_typesupport_cExport.cmake
-- Installing: /home/jwang/jwang/ros2_demo/install/interfaces/share/interfaces/cmake/interfaces__rosidl_typesupport_cExport-noconfig.cmake
-- Installing: /home/jwang/jwang/ros2_demo/install/interfaces/share/interfaces/cmake/interfaces__rosidl_typesupport_introspection_cppExport.cmake
-- Installing: /home/jwang/jwang/ros2_demo/install/interfaces/share/interfaces/cmake/interfaces__rosidl_typesupport_introspection_cppExport-noconfig.cmake
-- Installing: /home/jwang/jwang/ros2_demo/install/interfaces/share/interfaces/cmake/interfaces__rosidl_typesupport_cppExport.cmake
-- Installing: /home/jwang/jwang/ros2_demo/install/interfaces/share/interfaces/cmake/interfaces__rosidl_typesupport_cppExport-noconfig.cmake
-- Installing: /home/jwang/jwang/ros2_demo/install/interfaces/share/interfaces/cmake/export_interfaces__rosidl_generator_pyExport.cmake
-- Installing: /home/jwang/jwang/ros2_demo/install/interfaces/share/interfaces/cmake/export_interfaces__rosidl_generator_pyExport-noconfig.cmake
-- Installing: /home/jwang/jwang/ros2_demo/install/interfaces/share/interfaces/cmake/rosidl_cmake-extras.cmake
-- Installing: /home/jwang/jwang/ros2_demo/install/interfaces/share/interfaces/cmake/ament_cmake_export_dependencies-extras.cmake
-- Installing: /home/jwang/jwang/ros2_demo/install/interfaces/share/interfaces/cmake/ament_cmake_export_include_directories-extras.cmake
-- Installing: /home/jwang/jwang/ros2_demo/install/interfaces/share/interfaces/cmake/ament_cmake_export_libraries-extras.cmake
-- Installing: /home/jwang/jwang/ros2_demo/install/interfaces/share/interfaces/cmake/ament_cmake_export_targets-extras.cmake
-- Installing: /home/jwang/jwang/ros2_demo/install/interfaces/share/interfaces/cmake/rosidl_cmake_export_typesupport_targets-extras.cmake
-- Installing: /home/jwang/jwang/ros2_demo/install/interfaces/share/interfaces/cmake/rosidl_cmake_export_typesupport_libraries-extras.cmake
-- Installing: /home/jwang/jwang/ros2_demo/install/interfaces/share/interfaces/cmake/interfacesConfig.cmake
-- Installing: /home/jwang/jwang/ros2_demo/install/interfaces/share/interfaces/cmake/interfacesConfig-version.cmake
-- Installing: /home/jwang/jwang/ros2_demo/install/interfaces/share/interfaces/package.xml
