[0.005s] Invoking command in '/home/jwang/jwang/ros2_demo/build/interfaces': CMAKE_PREFIX_PATH=/opt/ros/humble CONDA_PROMPT_MODIFIER=(jwang) /usr/bin/cmake /home/jwang/jwang/ros2_demo/src/interfaces -DCMAKE_INSTALL_PREFIX=/home/jwang/jwang/ros2_demo/install/interfaces
[0.062s] -- The C compiler identification is GNU 11.4.0
[0.104s] -- The CXX compiler identification is GNU 11.4.0
[0.109s] -- Detecting C compiler ABI info
[0.183s] -- Detecting C compiler ABI info - done
[0.187s] -- Check for working C compiler: /usr/bin/cc - skipped
[0.187s] -- Detecting C compile features
[0.188s] -- Detecting C compile features - done
[0.189s] -- Detecting CXX compiler ABI info
[0.245s] -- Detecting CXX compiler ABI info - done
[0.249s] -- Check for working CXX compiler: /usr/bin/c++ - skipped
[0.249s] -- Detecting CXX compile features
[0.250s] -- Detecting CXX compile features - done
[0.251s] -- Found ament_cmake: 1.3.11 (/opt/ros/humble/share/ament_cmake/cmake)
[0.500s] -- Found Python3: /home/jwang/anaconda3/envs/jwang/bin/python3 (found version "3.8.20") found components: Interpreter 
[0.547s] -- Found sensor_msgs: 4.2.4 (/opt/ros/humble/share/sensor_msgs/cmake)
[0.565s] -- Found rosidl_generator_c: 3.1.6 (/opt/ros/humble/share/rosidl_generator_c/cmake)
[0.568s] -- Found rosidl_adapter: 3.1.6 (/opt/ros/humble/share/rosidl_adapter/cmake)
[0.572s] -- Found rosidl_generator_cpp: 3.1.6 (/opt/ros/humble/share/rosidl_generator_cpp/cmake)
[0.578s] -- Using all available rosidl_typesupport_c: rosidl_typesupport_fastrtps_c;rosidl_typesupport_introspection_c
[0.586s] -- Using all available rosidl_typesupport_cpp: rosidl_typesupport_fastrtps_cpp;rosidl_typesupport_introspection_cpp
[0.618s] -- Found rosidl_default_generators: 1.2.0 (/opt/ros/humble/share/rosidl_default_generators/cmake)
[0.802s] -- Found ament_cmake_ros: 0.10.0 (/opt/ros/humble/share/ament_cmake_ros/cmake)
[1.087s] -- Using all available rosidl_typesupport_c: rosidl_typesupport_fastrtps_c;rosidl_typesupport_introspection_c
[1.198s] -- Using all available rosidl_typesupport_cpp: rosidl_typesupport_fastrtps_cpp;rosidl_typesupport_introspection_cpp
[1.214s] -- Found PythonInterp: /home/jwang/anaconda3/envs/jwang/bin/python3 (found suitable version "3.8.20", minimum required is "3.6") 
[1.214s] -- Found python_cmake_module: 0.10.0 (/opt/ros/humble/share/python_cmake_module/cmake)
[1.232s] -- Found PythonLibs: /home/jwang/anaconda3/envs/jwang/lib/libpython3.8.so (found suitable version "3.8.20", minimum required is "3.5") 
[1.232s] -- Using PYTHON_EXECUTABLE: /home/jwang/anaconda3/envs/jwang/bin/python3
[1.232s] -- Using PYTHON_INCLUDE_DIRS: /home/jwang/anaconda3/envs/jwang/include/python3.8
[1.232s] -- Using PYTHON_LIBRARIES: /home/jwang/anaconda3/envs/jwang/lib/libpython3.8.so
[1.246s] -- Found PythonExtra: .so  
[1.370s] -- Using numpy include directory: /home/jwang/anaconda3/envs/jwang/lib/python3.8/site-packages/numpy/core/include
[1.378s] -- Found ament_lint_auto: 0.12.11 (/opt/ros/humble/share/ament_lint_auto/cmake)
[1.388s] -- Added test 'lint_cmake' to check CMake code style
[1.389s] -- Added test 'xmllint' to check XML markup files
[1.390s] -- Configuring done
[1.411s] -- Generating done
[1.418s] -- Build files have been written to: /home/jwang/jwang/ros2_demo/build/interfaces
[1.424s] Invoked command in '/home/jwang/jwang/ros2_demo/build/interfaces' returned '0': CMAKE_PREFIX_PATH=/opt/ros/humble CONDA_PROMPT_MODIFIER=(jwang) /usr/bin/cmake /home/jwang/jwang/ros2_demo/src/interfaces -DCMAKE_INSTALL_PREFIX=/home/jwang/jwang/ros2_demo/install/interfaces
[1.425s] Invoking command in '/home/jwang/jwang/ros2_demo/build/interfaces': CMAKE_PREFIX_PATH=/opt/ros/humble CONDA_PROMPT_MODIFIER=(jwang) /usr/bin/cmake --build /home/jwang/jwang/ros2_demo/build/interfaces -- -j16 -l16
[1.457s] [  2%] [34m[1mGenerating C code for ROS interfaces[0m
[1.461s] [  5%] [34m[1mGenerating C++ code for ROS interfaces[0m
[1.468s] [  5%] Built target ament_cmake_python_copy_interfaces
[1.584s] running egg_info
[1.585s] creating interfaces.egg-info
[1.590s] writing interfaces.egg-info/PKG-INFO
[1.591s] writing dependency_links to interfaces.egg-info/dependency_links.txt
[1.591s] writing top-level names to interfaces.egg-info/top_level.txt
[1.591s] writing manifest file 'interfaces.egg-info/SOURCES.txt'
[1.608s] reading manifest file 'interfaces.egg-info/SOURCES.txt'
[1.608s] writing manifest file 'interfaces.egg-info/SOURCES.txt'
[1.626s] [  5%] Built target ament_cmake_python_build_interfaces_egg
[1.645s] [  5%] Built target interfaces__cpp
[1.651s] [  7%] [34m[1mGenerating C++ type support for eProsima Fast-RTPS[0m
[1.651s] [ 10%] [34m[1mGenerating C++ introspection for ROS interfaces[0m
[1.652s] [ 12%] [34m[1mGenerating C++ type support dispatch for ROS interfaces[0m
[1.656s] [ 17%] [32mBuilding C object CMakeFiles/interfaces__rosidl_generator_c.dir/rosidl_generator_c/interfaces/msg/detail/num__functions.c.o[0m
[1.656s] [ 17%] [32mBuilding C object CMakeFiles/interfaces__rosidl_generator_c.dir/rosidl_generator_c/interfaces/srv/detail/myimage__functions.c.o[0m
[1.696s] [ 20%] [32m[1mLinking C shared library libinterfaces__rosidl_generator_c.so[0m
[1.725s] [ 20%] Built target interfaces__rosidl_generator_c
[1.731s] [ 23%] [34m[1mGenerating C introspection for ROS interfaces[0m
[1.731s] [ 25%] [34m[1mGenerating C type support dispatch for ROS interfaces[0m
[1.733s] [ 28%] [34m[1mGenerating C type support for eProsima Fast-RTPS[0m
[1.811s] [ 30%] [32mBuilding CXX object CMakeFiles/interfaces__rosidl_typesupport_cpp.dir/rosidl_typesupport_cpp/interfaces/msg/num__type_support.cpp.o[0m
[1.813s] [ 33%] [32mBuilding CXX object CMakeFiles/interfaces__rosidl_typesupport_cpp.dir/rosidl_typesupport_cpp/interfaces/srv/myimage__type_support.cpp.o[0m
[1.823s] [ 35%] [32mBuilding CXX object CMakeFiles/interfaces__rosidl_typesupport_introspection_cpp.dir/rosidl_typesupport_introspection_cpp/interfaces/srv/detail/myimage__type_support.cpp.o[0m
[1.825s] [ 38%] [32mBuilding CXX object CMakeFiles/interfaces__rosidl_typesupport_introspection_cpp.dir/rosidl_typesupport_introspection_cpp/interfaces/msg/detail/num__type_support.cpp.o[0m
[1.840s] [ 41%] [32mBuilding CXX object CMakeFiles/interfaces__rosidl_typesupport_fastrtps_cpp.dir/rosidl_typesupport_fastrtps_cpp/interfaces/msg/detail/dds_fastrtps/num__type_support.cpp.o[0m
[1.840s] [ 43%] [32mBuilding CXX object CMakeFiles/interfaces__rosidl_typesupport_fastrtps_cpp.dir/rosidl_typesupport_fastrtps_cpp/interfaces/srv/detail/dds_fastrtps/myimage__type_support.cpp.o[0m
[1.894s] [ 46%] [32mBuilding CXX object CMakeFiles/interfaces__rosidl_typesupport_c.dir/rosidl_typesupport_c/interfaces/srv/myimage__type_support.cpp.o[0m
[1.895s] [ 48%] [32mBuilding CXX object CMakeFiles/interfaces__rosidl_typesupport_c.dir/rosidl_typesupport_c/interfaces/msg/num__type_support.cpp.o[0m
[1.921s] [ 51%] [32m[1mLinking CXX shared library libinterfaces__rosidl_typesupport_c.so[0m
[1.927s] [ 53%] [32mBuilding CXX object CMakeFiles/interfaces__rosidl_typesupport_fastrtps_c.dir/rosidl_typesupport_fastrtps_c/interfaces/msg/detail/num__type_support_c.cpp.o[0m
[1.927s] [ 56%] [32mBuilding CXX object CMakeFiles/interfaces__rosidl_typesupport_fastrtps_c.dir/rosidl_typesupport_fastrtps_c/interfaces/srv/detail/myimage__type_support_c.cpp.o[0m
[1.946s] [ 58%] [32mBuilding C object CMakeFiles/interfaces__rosidl_typesupport_introspection_c.dir/rosidl_typesupport_introspection_c/interfaces/srv/detail/myimage__type_support.c.o[0m
[1.948s] [ 61%] [32mBuilding C object CMakeFiles/interfaces__rosidl_typesupport_introspection_c.dir/rosidl_typesupport_introspection_c/interfaces/msg/detail/num__type_support.c.o[0m
[1.956s] [ 61%] Built target interfaces__rosidl_typesupport_c
[1.975s] [ 64%] [32m[1mLinking CXX shared library libinterfaces__rosidl_typesupport_cpp.so[0m
[1.975s] [ 66%] [32m[1mLinking C shared library libinterfaces__rosidl_typesupport_introspection_c.so[0m
[1.996s] [ 66%] Built target interfaces__rosidl_typesupport_introspection_c
[2.002s] [ 66%] Built target interfaces__rosidl_typesupport_cpp
[2.122s] [ 69%] [32m[1mLinking CXX shared library libinterfaces__rosidl_typesupport_fastrtps_c.so[0m
[2.124s] [ 71%] [32m[1mLinking CXX shared library libinterfaces__rosidl_typesupport_fastrtps_cpp.so[0m
[2.136s] [ 74%] [32m[1mLinking CXX shared library libinterfaces__rosidl_typesupport_introspection_cpp.so[0m
[2.174s] [ 74%] Built target interfaces__rosidl_typesupport_fastrtps_c
[2.175s] [ 74%] Built target interfaces__rosidl_typesupport_fastrtps_cpp
[2.180s] [ 74%] Built target interfaces__rosidl_typesupport_introspection_cpp
[2.193s] [ 74%] Built target interfaces
[2.207s] [ 76%] [34m[1mGenerating Python code for ROS interfaces[0m
[2.443s] [ 76%] Built target interfaces__py
[2.455s] [ 79%] [32mBuilding C object CMakeFiles/interfaces__rosidl_generator_py.dir/rosidl_generator_py/interfaces/srv/_myimage_s.c.o[0m
[2.455s] [ 82%] [32mBuilding C object CMakeFiles/interfaces__rosidl_generator_py.dir/rosidl_generator_py/interfaces/msg/_num_s.c.o[0m
[2.520s] [ 84%] [32m[1mLinking C shared library rosidl_generator_py/interfaces/libinterfaces__rosidl_generator_py.so[0m
[2.559s] [ 84%] Built target interfaces__rosidl_generator_py
[2.571s] [ 87%] [32mBuilding C object CMakeFiles/interfaces__rosidl_typesupport_c__pyext.dir/rosidl_generator_py/interfaces/_interfaces_s.ep.rosidl_typesupport_c.c.o[0m
[2.573s] [ 89%] [32mBuilding C object CMakeFiles/interfaces__rosidl_typesupport_introspection_c__pyext.dir/rosidl_generator_py/interfaces/_interfaces_s.ep.rosidl_typesupport_introspection_c.c.o[0m
[2.573s] [ 92%] [32mBuilding C object CMakeFiles/interfaces__rosidl_typesupport_fastrtps_c__pyext.dir/rosidl_generator_py/interfaces/_interfaces_s.ep.rosidl_typesupport_fastrtps_c.c.o[0m
[2.628s] [ 94%] [32m[1mLinking C shared library rosidl_generator_py/interfaces/interfaces_s__rosidl_typesupport_c.cpython-38-x86_64-linux-gnu.so[0m
[2.632s] [ 97%] [32m[1mLinking C shared library rosidl_generator_py/interfaces/interfaces_s__rosidl_typesupport_fastrtps_c.cpython-38-x86_64-linux-gnu.so[0m
[2.633s] [100%] [32m[1mLinking C shared library rosidl_generator_py/interfaces/interfaces_s__rosidl_typesupport_introspection_c.cpython-38-x86_64-linux-gnu.so[0m
[2.658s] [100%] Built target interfaces__rosidl_typesupport_c__pyext
[2.660s] [100%] Built target interfaces__rosidl_typesupport_fastrtps_c__pyext
[2.660s] [100%] Built target interfaces__rosidl_typesupport_introspection_c__pyext
[2.670s] Invoked command in '/home/jwang/jwang/ros2_demo/build/interfaces' returned '0': CMAKE_PREFIX_PATH=/opt/ros/humble CONDA_PROMPT_MODIFIER=(jwang) /usr/bin/cmake --build /home/jwang/jwang/ros2_demo/build/interfaces -- -j16 -l16
[2.676s] Invoking command in '/home/jwang/jwang/ros2_demo/build/interfaces': CMAKE_PREFIX_PATH=/opt/ros/humble CONDA_PROMPT_MODIFIER=(jwang) /usr/bin/cmake --install /home/jwang/jwang/ros2_demo/build/interfaces
[2.686s] -- Install configuration: ""
[2.687s] -- Installing: /home/jwang/jwang/ros2_demo/install/interfaces/share/ament_index/resource_index/rosidl_interfaces/interfaces
[2.687s] -- Installing: /home/jwang/jwang/ros2_demo/install/interfaces/include/interfaces/interfaces
[2.687s] -- Installing: /home/jwang/jwang/ros2_demo/install/interfaces/include/interfaces/interfaces/msg
[2.687s] -- Installing: /home/jwang/jwang/ros2_demo/install/interfaces/include/interfaces/interfaces/msg/detail
[2.687s] -- Installing: /home/jwang/jwang/ros2_demo/install/interfaces/include/interfaces/interfaces/msg/detail/num__functions.h
[2.687s] -- Installing: /home/jwang/jwang/ros2_demo/install/interfaces/include/interfaces/interfaces/msg/detail/num__struct.h
[2.687s] -- Installing: /home/jwang/jwang/ros2_demo/install/interfaces/include/interfaces/interfaces/msg/detail/num__type_support.h
[2.687s] -- Installing: /home/jwang/jwang/ros2_demo/install/interfaces/include/interfaces/interfaces/msg/detail/num__functions.c
[2.687s] -- Installing: /home/jwang/jwang/ros2_demo/install/interfaces/include/interfaces/interfaces/msg/rosidl_generator_c__visibility_control.h
[2.688s] -- Installing: /home/jwang/jwang/ros2_demo/install/interfaces/include/interfaces/interfaces/msg/num.h
[2.688s] -- Installing: /home/jwang/jwang/ros2_demo/install/interfaces/include/interfaces/interfaces/srv
[2.688s] -- Installing: /home/jwang/jwang/ros2_demo/install/interfaces/include/interfaces/interfaces/srv/myimage.h
[2.688s] -- Installing: /home/jwang/jwang/ros2_demo/install/interfaces/include/interfaces/interfaces/srv/detail
[2.688s] -- Installing: /home/jwang/jwang/ros2_demo/install/interfaces/include/interfaces/interfaces/srv/detail/myimage__struct.h
[2.688s] -- Installing: /home/jwang/jwang/ros2_demo/install/interfaces/include/interfaces/interfaces/srv/detail/myimage__functions.c
[2.688s] -- Installing: /home/jwang/jwang/ros2_demo/install/interfaces/include/interfaces/interfaces/srv/detail/myimage__functions.h
[2.688s] -- Installing: /home/jwang/jwang/ros2_demo/install/interfaces/include/interfaces/interfaces/srv/detail/myimage__type_support.h
[2.688s] -- Installing: /home/jwang/jwang/ros2_demo/install/interfaces/share/interfaces/environment/library_path.sh
[2.688s] -- Installing: /home/jwang/jwang/ros2_demo/install/interfaces/share/interfaces/environment/library_path.dsv
[2.689s] -- Installing: /home/jwang/jwang/ros2_demo/install/interfaces/lib/libinterfaces__rosidl_generator_c.so
[2.689s] -- Set runtime path of "/home/jwang/jwang/ros2_demo/install/interfaces/lib/libinterfaces__rosidl_generator_c.so" to ""
[2.689s] -- Up-to-date: /home/jwang/jwang/ros2_demo/install/interfaces/include/interfaces/interfaces
[2.689s] -- Up-to-date: /home/jwang/jwang/ros2_demo/install/interfaces/include/interfaces/interfaces/msg
[2.689s] -- Up-to-date: /home/jwang/jwang/ros2_demo/install/interfaces/include/interfaces/interfaces/msg/detail
[2.689s] -- Installing: /home/jwang/jwang/ros2_demo/install/interfaces/include/interfaces/interfaces/msg/detail/num__rosidl_typesupport_fastrtps_c.h
[2.689s] -- Installing: /home/jwang/jwang/ros2_demo/install/interfaces/include/interfaces/interfaces/msg/rosidl_typesupport_fastrtps_c__visibility_control.h
[2.689s] -- Up-to-date: /home/jwang/jwang/ros2_demo/install/interfaces/include/interfaces/interfaces/srv
[2.689s] -- Up-to-date: /home/jwang/jwang/ros2_demo/install/interfaces/include/interfaces/interfaces/srv/detail
[2.689s] -- Installing: /home/jwang/jwang/ros2_demo/install/interfaces/include/interfaces/interfaces/srv/detail/myimage__rosidl_typesupport_fastrtps_c.h
[2.689s] -- Installing: /home/jwang/jwang/ros2_demo/install/interfaces/lib/libinterfaces__rosidl_typesupport_fastrtps_c.so
[2.690s] -- Set runtime path of "/home/jwang/jwang/ros2_demo/install/interfaces/lib/libinterfaces__rosidl_typesupport_fastrtps_c.so" to ""
[2.690s] -- Up-to-date: /home/jwang/jwang/ros2_demo/install/interfaces/include/interfaces/interfaces
[2.690s] -- Up-to-date: /home/jwang/jwang/ros2_demo/install/interfaces/include/interfaces/interfaces/msg
[2.690s] -- Installing: /home/jwang/jwang/ros2_demo/install/interfaces/include/interfaces/interfaces/msg/rosidl_generator_cpp__visibility_control.hpp
[2.690s] -- Up-to-date: /home/jwang/jwang/ros2_demo/install/interfaces/include/interfaces/interfaces/msg/detail
[2.690s] -- Installing: /home/jwang/jwang/ros2_demo/install/interfaces/include/interfaces/interfaces/msg/detail/num__type_support.hpp
[2.690s] -- Installing: /home/jwang/jwang/ros2_demo/install/interfaces/include/interfaces/interfaces/msg/detail/num__traits.hpp
[2.690s] -- Installing: /home/jwang/jwang/ros2_demo/install/interfaces/include/interfaces/interfaces/msg/detail/num__struct.hpp
[2.690s] -- Installing: /home/jwang/jwang/ros2_demo/install/interfaces/include/interfaces/interfaces/msg/detail/num__builder.hpp
[2.690s] -- Installing: /home/jwang/jwang/ros2_demo/install/interfaces/include/interfaces/interfaces/msg/num.hpp
[2.690s] -- Up-to-date: /home/jwang/jwang/ros2_demo/install/interfaces/include/interfaces/interfaces/srv
[2.690s] -- Installing: /home/jwang/jwang/ros2_demo/install/interfaces/include/interfaces/interfaces/srv/myimage.hpp
[2.690s] -- Up-to-date: /home/jwang/jwang/ros2_demo/install/interfaces/include/interfaces/interfaces/srv/detail
[2.690s] -- Installing: /home/jwang/jwang/ros2_demo/install/interfaces/include/interfaces/interfaces/srv/detail/myimage__builder.hpp
[2.691s] -- Installing: /home/jwang/jwang/ros2_demo/install/interfaces/include/interfaces/interfaces/srv/detail/myimage__struct.hpp
[2.691s] -- Installing: /home/jwang/jwang/ros2_demo/install/interfaces/include/interfaces/interfaces/srv/detail/myimage__type_support.hpp
[2.691s] -- Installing: /home/jwang/jwang/ros2_demo/install/interfaces/include/interfaces/interfaces/srv/detail/myimage__traits.hpp
[2.691s] -- Up-to-date: /home/jwang/jwang/ros2_demo/install/interfaces/include/interfaces/interfaces
[2.691s] -- Up-to-date: /home/jwang/jwang/ros2_demo/install/interfaces/include/interfaces/interfaces/msg
[2.691s] -- Up-to-date: /home/jwang/jwang/ros2_demo/install/interfaces/include/interfaces/interfaces/msg/detail
[2.691s] -- Installing: /home/jwang/jwang/ros2_demo/install/interfaces/include/interfaces/interfaces/msg/detail/num__rosidl_typesupport_fastrtps_cpp.hpp
[2.691s] -- Installing: /home/jwang/jwang/ros2_demo/install/interfaces/include/interfaces/interfaces/msg/detail/dds_fastrtps
[2.691s] -- Installing: /home/jwang/jwang/ros2_demo/install/interfaces/include/interfaces/interfaces/msg/rosidl_typesupport_fastrtps_cpp__visibility_control.h
[2.691s] -- Up-to-date: /home/jwang/jwang/ros2_demo/install/interfaces/include/interfaces/interfaces/srv
[2.691s] -- Up-to-date: /home/jwang/jwang/ros2_demo/install/interfaces/include/interfaces/interfaces/srv/detail
[2.691s] -- Installing: /home/jwang/jwang/ros2_demo/install/interfaces/include/interfaces/interfaces/srv/detail/myimage__rosidl_typesupport_fastrtps_cpp.hpp
[2.691s] -- Installing: /home/jwang/jwang/ros2_demo/install/interfaces/include/interfaces/interfaces/srv/detail/dds_fastrtps
[2.691s] -- Installing: /home/jwang/jwang/ros2_demo/install/interfaces/lib/libinterfaces__rosidl_typesupport_fastrtps_cpp.so
[2.691s] -- Set runtime path of "/home/jwang/jwang/ros2_demo/install/interfaces/lib/libinterfaces__rosidl_typesupport_fastrtps_cpp.so" to ""
[2.691s] -- Up-to-date: /home/jwang/jwang/ros2_demo/install/interfaces/include/interfaces/interfaces
[2.692s] -- Up-to-date: /home/jwang/jwang/ros2_demo/install/interfaces/include/interfaces/interfaces/msg
[2.692s] -- Up-to-date: /home/jwang/jwang/ros2_demo/install/interfaces/include/interfaces/interfaces/msg/detail
[2.692s] -- Installing: /home/jwang/jwang/ros2_demo/install/interfaces/include/interfaces/interfaces/msg/detail/num__rosidl_typesupport_introspection_c.h
[2.692s] -- Installing: /home/jwang/jwang/ros2_demo/install/interfaces/include/interfaces/interfaces/msg/detail/num__type_support.c
[2.692s] -- Installing: /home/jwang/jwang/ros2_demo/install/interfaces/include/interfaces/interfaces/msg/rosidl_typesupport_introspection_c__visibility_control.h
[2.692s] -- Up-to-date: /home/jwang/jwang/ros2_demo/install/interfaces/include/interfaces/interfaces/srv
[2.692s] -- Up-to-date: /home/jwang/jwang/ros2_demo/install/interfaces/include/interfaces/interfaces/srv/detail
[2.692s] -- Installing: /home/jwang/jwang/ros2_demo/install/interfaces/include/interfaces/interfaces/srv/detail/myimage__rosidl_typesupport_introspection_c.h
[2.692s] -- Installing: /home/jwang/jwang/ros2_demo/install/interfaces/include/interfaces/interfaces/srv/detail/myimage__type_support.c
[2.692s] -- Installing: /home/jwang/jwang/ros2_demo/install/interfaces/lib/libinterfaces__rosidl_typesupport_introspection_c.so
[2.692s] -- Set runtime path of "/home/jwang/jwang/ros2_demo/install/interfaces/lib/libinterfaces__rosidl_typesupport_introspection_c.so" to ""
[2.692s] -- Installing: /home/jwang/jwang/ros2_demo/install/interfaces/lib/libinterfaces__rosidl_typesupport_c.so
[2.692s] -- Set runtime path of "/home/jwang/jwang/ros2_demo/install/interfaces/lib/libinterfaces__rosidl_typesupport_c.so" to ""
[2.692s] -- Up-to-date: /home/jwang/jwang/ros2_demo/install/interfaces/include/interfaces/interfaces
[2.692s] -- Up-to-date: /home/jwang/jwang/ros2_demo/install/interfaces/include/interfaces/interfaces/msg
[2.692s] -- Up-to-date: /home/jwang/jwang/ros2_demo/install/interfaces/include/interfaces/interfaces/msg/detail
[2.692s] -- Installing: /home/jwang/jwang/ros2_demo/install/interfaces/include/interfaces/interfaces/msg/detail/num__type_support.cpp
[2.692s] -- Installing: /home/jwang/jwang/ros2_demo/install/interfaces/include/interfaces/interfaces/msg/detail/num__rosidl_typesupport_introspection_cpp.hpp
[2.693s] -- Up-to-date: /home/jwang/jwang/ros2_demo/install/interfaces/include/interfaces/interfaces/srv
[2.693s] -- Up-to-date: /home/jwang/jwang/ros2_demo/install/interfaces/include/interfaces/interfaces/srv/detail
[2.693s] -- Installing: /home/jwang/jwang/ros2_demo/install/interfaces/include/interfaces/interfaces/srv/detail/myimage__rosidl_typesupport_introspection_cpp.hpp
[2.693s] -- Installing: /home/jwang/jwang/ros2_demo/install/interfaces/include/interfaces/interfaces/srv/detail/myimage__type_support.cpp
[2.693s] -- Installing: /home/jwang/jwang/ros2_demo/install/interfaces/lib/libinterfaces__rosidl_typesupport_introspection_cpp.so
[2.693s] -- Set runtime path of "/home/jwang/jwang/ros2_demo/install/interfaces/lib/libinterfaces__rosidl_typesupport_introspection_cpp.so" to ""
[2.693s] -- Installing: /home/jwang/jwang/ros2_demo/install/interfaces/lib/libinterfaces__rosidl_typesupport_cpp.so
[2.693s] -- Set runtime path of "/home/jwang/jwang/ros2_demo/install/interfaces/lib/libinterfaces__rosidl_typesupport_cpp.so" to ""
[2.693s] -- Installing: /home/jwang/jwang/ros2_demo/install/interfaces/share/interfaces/environment/pythonpath.sh
[2.693s] -- Installing: /home/jwang/jwang/ros2_demo/install/interfaces/share/interfaces/environment/pythonpath.dsv
[2.693s] -- Installing: /home/jwang/jwang/ros2_demo/install/interfaces/lib/python3.8/site-packages/interfaces-0.0.0-py3.8.egg-info
[2.693s] -- Installing: /home/jwang/jwang/ros2_demo/install/interfaces/lib/python3.8/site-packages/interfaces-0.0.0-py3.8.egg-info/SOURCES.txt
[2.693s] -- Installing: /home/jwang/jwang/ros2_demo/install/interfaces/lib/python3.8/site-packages/interfaces-0.0.0-py3.8.egg-info/dependency_links.txt
[2.693s] -- Installing: /home/jwang/jwang/ros2_demo/install/interfaces/lib/python3.8/site-packages/interfaces-0.0.0-py3.8.egg-info/top_level.txt
[2.693s] -- Installing: /home/jwang/jwang/ros2_demo/install/interfaces/lib/python3.8/site-packages/interfaces-0.0.0-py3.8.egg-info/PKG-INFO
[2.693s] -- Installing: /home/jwang/jwang/ros2_demo/install/interfaces/lib/python3.8/site-packages/interfaces
[2.693s] -- Installing: /home/jwang/jwang/ros2_demo/install/interfaces/lib/python3.8/site-packages/interfaces/_interfaces_s.ep.rosidl_typesupport_introspection_c.c
[2.694s] -- Installing: /home/jwang/jwang/ros2_demo/install/interfaces/lib/python3.8/site-packages/interfaces/interfaces_s__rosidl_typesupport_c.cpython-38-x86_64-linux-gnu.so
[2.694s] -- Installing: /home/jwang/jwang/ros2_demo/install/interfaces/lib/python3.8/site-packages/interfaces/msg
[2.694s] -- Installing: /home/jwang/jwang/ros2_demo/install/interfaces/lib/python3.8/site-packages/interfaces/msg/_num.py
[2.694s] -- Installing: /home/jwang/jwang/ros2_demo/install/interfaces/lib/python3.8/site-packages/interfaces/msg/_num_s.c
[2.694s] -- Installing: /home/jwang/jwang/ros2_demo/install/interfaces/lib/python3.8/site-packages/interfaces/msg/__init__.py
[2.694s] -- Installing: /home/jwang/jwang/ros2_demo/install/interfaces/lib/python3.8/site-packages/interfaces/srv
[2.694s] -- Installing: /home/jwang/jwang/ros2_demo/install/interfaces/lib/python3.8/site-packages/interfaces/srv/_myimage.py
[2.694s] -- Installing: /home/jwang/jwang/ros2_demo/install/interfaces/lib/python3.8/site-packages/interfaces/srv/_myimage_s.c
[2.694s] -- Installing: /home/jwang/jwang/ros2_demo/install/interfaces/lib/python3.8/site-packages/interfaces/srv/__init__.py
[2.694s] -- Installing: /home/jwang/jwang/ros2_demo/install/interfaces/lib/python3.8/site-packages/interfaces/__init__.py
[2.694s] -- Installing: /home/jwang/jwang/ros2_demo/install/interfaces/lib/python3.8/site-packages/interfaces/libinterfaces__rosidl_generator_py.so
[2.694s] -- Installing: /home/jwang/jwang/ros2_demo/install/interfaces/lib/python3.8/site-packages/interfaces/interfaces_s__rosidl_typesupport_introspection_c.cpython-38-x86_64-linux-gnu.so
[2.694s] -- Installing: /home/jwang/jwang/ros2_demo/install/interfaces/lib/python3.8/site-packages/interfaces/_interfaces_s.ep.rosidl_typesupport_c.c
[2.694s] -- Installing: /home/jwang/jwang/ros2_demo/install/interfaces/lib/python3.8/site-packages/interfaces/_interfaces_s.ep.rosidl_typesupport_fastrtps_c.c
[2.694s] -- Installing: /home/jwang/jwang/ros2_demo/install/interfaces/lib/python3.8/site-packages/interfaces/interfaces_s__rosidl_typesupport_fastrtps_c.cpython-38-x86_64-linux-gnu.so
[2.715s] Listing '/home/jwang/jwang/ros2_demo/install/interfaces/lib/python3.8/site-packages/interfaces'...
[2.715s] Compiling '/home/jwang/jwang/ros2_demo/install/interfaces/lib/python3.8/site-packages/interfaces/__init__.py'...
[2.715s] Listing '/home/jwang/jwang/ros2_demo/install/interfaces/lib/python3.8/site-packages/interfaces/msg'...
[2.715s] Compiling '/home/jwang/jwang/ros2_demo/install/interfaces/lib/python3.8/site-packages/interfaces/msg/__init__.py'...
[2.715s] Compiling '/home/jwang/jwang/ros2_demo/install/interfaces/lib/python3.8/site-packages/interfaces/msg/_num.py'...
[2.716s] Listing '/home/jwang/jwang/ros2_demo/install/interfaces/lib/python3.8/site-packages/interfaces/srv'...
[2.716s] Compiling '/home/jwang/jwang/ros2_demo/install/interfaces/lib/python3.8/site-packages/interfaces/srv/__init__.py'...
[2.716s] Compiling '/home/jwang/jwang/ros2_demo/install/interfaces/lib/python3.8/site-packages/interfaces/srv/_myimage.py'...
[2.718s] -- Installing: /home/jwang/jwang/ros2_demo/install/interfaces/lib/python3.8/site-packages/interfaces/interfaces_s__rosidl_typesupport_fastrtps_c.cpython-38-x86_64-linux-gnu.so
[2.718s] -- Set runtime path of "/home/jwang/jwang/ros2_demo/install/interfaces/lib/python3.8/site-packages/interfaces/interfaces_s__rosidl_typesupport_fastrtps_c.cpython-38-x86_64-linux-gnu.so" to ""
[2.718s] -- Installing: /home/jwang/jwang/ros2_demo/install/interfaces/lib/python3.8/site-packages/interfaces/interfaces_s__rosidl_typesupport_introspection_c.cpython-38-x86_64-linux-gnu.so
[2.718s] -- Set runtime path of "/home/jwang/jwang/ros2_demo/install/interfaces/lib/python3.8/site-packages/interfaces/interfaces_s__rosidl_typesupport_introspection_c.cpython-38-x86_64-linux-gnu.so" to ""
[2.718s] -- Installing: /home/jwang/jwang/ros2_demo/install/interfaces/lib/python3.8/site-packages/interfaces/interfaces_s__rosidl_typesupport_c.cpython-38-x86_64-linux-gnu.so
[2.718s] -- Set runtime path of "/home/jwang/jwang/ros2_demo/install/interfaces/lib/python3.8/site-packages/interfaces/interfaces_s__rosidl_typesupport_c.cpython-38-x86_64-linux-gnu.so" to ""
[2.718s] -- Installing: /home/jwang/jwang/ros2_demo/install/interfaces/lib/libinterfaces__rosidl_generator_py.so
[2.718s] -- Set runtime path of "/home/jwang/jwang/ros2_demo/install/interfaces/lib/libinterfaces__rosidl_generator_py.so" to ""
[2.718s] -- Installing: /home/jwang/jwang/ros2_demo/install/interfaces/share/interfaces/srv/Myimage.idl
[2.718s] -- Installing: /home/jwang/jwang/ros2_demo/install/interfaces/share/interfaces/msg/Num.idl
[2.719s] -- Installing: /home/jwang/jwang/ros2_demo/install/interfaces/share/interfaces/srv/Myimage.srv
[2.719s] -- Installing: /home/jwang/jwang/ros2_demo/install/interfaces/share/interfaces/srv/Myimage_Request.msg
[2.719s] -- Installing: /home/jwang/jwang/ros2_demo/install/interfaces/share/interfaces/srv/Myimage_Response.msg
[2.719s] -- Installing: /home/jwang/jwang/ros2_demo/install/interfaces/share/interfaces/msg/Num.msg
[2.719s] -- Installing: /home/jwang/jwang/ros2_demo/install/interfaces/share/ament_index/resource_index/package_run_dependencies/interfaces
[2.719s] -- Installing: /home/jwang/jwang/ros2_demo/install/interfaces/share/ament_index/resource_index/parent_prefix_path/interfaces
[2.719s] -- Installing: /home/jwang/jwang/ros2_demo/install/interfaces/share/interfaces/environment/ament_prefix_path.sh
[2.719s] -- Installing: /home/jwang/jwang/ros2_demo/install/interfaces/share/interfaces/environment/ament_prefix_path.dsv
[2.719s] -- Installing: /home/jwang/jwang/ros2_demo/install/interfaces/share/interfaces/environment/path.sh
[2.719s] -- Installing: /home/jwang/jwang/ros2_demo/install/interfaces/share/interfaces/environment/path.dsv
[2.719s] -- Installing: /home/jwang/jwang/ros2_demo/install/interfaces/share/interfaces/local_setup.bash
[2.719s] -- Installing: /home/jwang/jwang/ros2_demo/install/interfaces/share/interfaces/local_setup.sh
[2.719s] -- Installing: /home/jwang/jwang/ros2_demo/install/interfaces/share/interfaces/local_setup.zsh
[2.719s] -- Installing: /home/jwang/jwang/ros2_demo/install/interfaces/share/interfaces/local_setup.dsv
[2.719s] -- Installing: /home/jwang/jwang/ros2_demo/install/interfaces/share/interfaces/package.dsv
[2.719s] -- Installing: /home/jwang/jwang/ros2_demo/install/interfaces/share/ament_index/resource_index/packages/interfaces
[2.719s] -- Installing: /home/jwang/jwang/ros2_demo/install/interfaces/share/interfaces/cmake/export_interfaces__rosidl_generator_cExport.cmake
[2.719s] -- Installing: /home/jwang/jwang/ros2_demo/install/interfaces/share/interfaces/cmake/export_interfaces__rosidl_generator_cExport-noconfig.cmake
[2.719s] -- Installing: /home/jwang/jwang/ros2_demo/install/interfaces/share/interfaces/cmake/export_interfaces__rosidl_typesupport_fastrtps_cExport.cmake
[2.719s] -- Installing: /home/jwang/jwang/ros2_demo/install/interfaces/share/interfaces/cmake/export_interfaces__rosidl_typesupport_fastrtps_cExport-noconfig.cmake
[2.719s] -- Installing: /home/jwang/jwang/ros2_demo/install/interfaces/share/interfaces/cmake/export_interfaces__rosidl_generator_cppExport.cmake
[2.720s] -- Installing: /home/jwang/jwang/ros2_demo/install/interfaces/share/interfaces/cmake/export_interfaces__rosidl_typesupport_fastrtps_cppExport.cmake
[2.720s] -- Installing: /home/jwang/jwang/ros2_demo/install/interfaces/share/interfaces/cmake/export_interfaces__rosidl_typesupport_fastrtps_cppExport-noconfig.cmake
[2.720s] -- Installing: /home/jwang/jwang/ros2_demo/install/interfaces/share/interfaces/cmake/interfaces__rosidl_typesupport_introspection_cExport.cmake
[2.720s] -- Installing: /home/jwang/jwang/ros2_demo/install/interfaces/share/interfaces/cmake/interfaces__rosidl_typesupport_introspection_cExport-noconfig.cmake
[2.720s] -- Installing: /home/jwang/jwang/ros2_demo/install/interfaces/share/interfaces/cmake/interfaces__rosidl_typesupport_cExport.cmake
[2.720s] -- Installing: /home/jwang/jwang/ros2_demo/install/interfaces/share/interfaces/cmake/interfaces__rosidl_typesupport_cExport-noconfig.cmake
[2.720s] -- Installing: /home/jwang/jwang/ros2_demo/install/interfaces/share/interfaces/cmake/interfaces__rosidl_typesupport_introspection_cppExport.cmake
[2.720s] -- Installing: /home/jwang/jwang/ros2_demo/install/interfaces/share/interfaces/cmake/interfaces__rosidl_typesupport_introspection_cppExport-noconfig.cmake
[2.720s] -- Installing: /home/jwang/jwang/ros2_demo/install/interfaces/share/interfaces/cmake/interfaces__rosidl_typesupport_cppExport.cmake
[2.720s] -- Installing: /home/jwang/jwang/ros2_demo/install/interfaces/share/interfaces/cmake/interfaces__rosidl_typesupport_cppExport-noconfig.cmake
[2.720s] -- Installing: /home/jwang/jwang/ros2_demo/install/interfaces/share/interfaces/cmake/export_interfaces__rosidl_generator_pyExport.cmake
[2.720s] -- Installing: /home/jwang/jwang/ros2_demo/install/interfaces/share/interfaces/cmake/export_interfaces__rosidl_generator_pyExport-noconfig.cmake
[2.720s] -- Installing: /home/jwang/jwang/ros2_demo/install/interfaces/share/interfaces/cmake/rosidl_cmake-extras.cmake
[2.720s] -- Installing: /home/jwang/jwang/ros2_demo/install/interfaces/share/interfaces/cmake/ament_cmake_export_dependencies-extras.cmake
[2.720s] -- Installing: /home/jwang/jwang/ros2_demo/install/interfaces/share/interfaces/cmake/ament_cmake_export_include_directories-extras.cmake
[2.720s] -- Installing: /home/jwang/jwang/ros2_demo/install/interfaces/share/interfaces/cmake/ament_cmake_export_libraries-extras.cmake
[2.720s] -- Installing: /home/jwang/jwang/ros2_demo/install/interfaces/share/interfaces/cmake/ament_cmake_export_targets-extras.cmake
[2.720s] -- Installing: /home/jwang/jwang/ros2_demo/install/interfaces/share/interfaces/cmake/rosidl_cmake_export_typesupport_targets-extras.cmake
[2.720s] -- Installing: /home/jwang/jwang/ros2_demo/install/interfaces/share/interfaces/cmake/rosidl_cmake_export_typesupport_libraries-extras.cmake
[2.720s] -- Installing: /home/jwang/jwang/ros2_demo/install/interfaces/share/interfaces/cmake/interfacesConfig.cmake
[2.720s] -- Installing: /home/jwang/jwang/ros2_demo/install/interfaces/share/interfaces/cmake/interfacesConfig-version.cmake
[2.721s] -- Installing: /home/jwang/jwang/ros2_demo/install/interfaces/share/interfaces/package.xml
[2.722s] Invoked command in '/home/jwang/jwang/ros2_demo/build/interfaces' returned '0': CMAKE_PREFIX_PATH=/opt/ros/humble CONDA_PROMPT_MODIFIER=(jwang) /usr/bin/cmake --install /home/jwang/jwang/ros2_demo/build/interfaces
