[0.058s] DEBUG:colcon:Command line arguments: ['/usr/bin/colcon', 'build']
[0.058s] DEBUG:colcon:Parsed command line arguments: Namespace(log_base=None, log_level=None, verb_name='build', build_base='build', install_base='install', merge_install=False, symlink_install=False, test_result_base=None, continue_on_error=False, executor='parallel', parallel_workers=16, event_handlers=None, ignore_user_meta=False, metas=['./colcon.meta'], base_paths=['.'], packages_ignore=None, packages_ignore_regex=None, paths=None, packages_up_to=None, packages_up_to_regex=None, packages_above=None, packages_above_and_dependencies=None, packages_above_depth=None, packages_select_by_dep=None, packages_skip_by_dep=None, packages_skip_up_to=None, packages_select_build_failed=False, packages_skip_build_finished=False, packages_select_test_failures=False, packages_skip_test_passed=False, packages_select=None, packages_skip=None, packages_select_regex=None, packages_skip_regex=None, packages_start=None, packages_end=None, allow_overriding=[], cmake_args=None, cmake_target=None, cmake_target_skip_unavailable=False, cmake_clean_cache=False, cmake_clean_first=False, cmake_force_configure=False, ament_cmake_args=None, catkin_cmake_args=None, catkin_skip_building_tests=False, verb_parser=<colcon_defaults.argument_parser.defaults.DefaultArgumentsDecorator object at 0x719ebfd3cc40>, verb_extension=<colcon_core.verb.build.BuildVerb object at 0x719ebfd3c0a0>, main=<bound method BuildVerb.main of <colcon_core.verb.build.BuildVerb object at 0x719ebfd3c0a0>>)
[0.140s] Level 1:colcon.colcon_core.package_discovery:discover_packages(colcon_meta) check parameters
[0.140s] Level 1:colcon.colcon_core.package_discovery:discover_packages(recursive) check parameters
[0.140s] Level 1:colcon.colcon_core.package_discovery:discover_packages(ignore) check parameters
[0.140s] Level 1:colcon.colcon_core.package_discovery:discover_packages(path) check parameters
[0.140s] Level 1:colcon.colcon_core.package_discovery:discover_packages(colcon_meta) discover
[0.140s] Level 1:colcon.colcon_core.package_discovery:discover_packages(recursive) discover
[0.140s] INFO:colcon.colcon_core.package_discovery:Crawling recursively for packages in '/home/jwang/jwang/ros2_demo'
[0.140s] Level 1:colcon.colcon_core.package_identification:_identify(.) by extensions ['ignore', 'ignore_ament_install']
[0.140s] Level 1:colcon.colcon_core.package_identification:_identify(.) by extension 'ignore'
[0.140s] Level 1:colcon.colcon_core.package_identification:_identify(.) by extension 'ignore_ament_install'
[0.140s] Level 1:colcon.colcon_core.package_identification:_identify(.) by extensions ['colcon_pkg']
[0.140s] Level 1:colcon.colcon_core.package_identification:_identify(.) by extension 'colcon_pkg'
[0.140s] Level 1:colcon.colcon_core.package_identification:_identify(.) by extensions ['colcon_meta']
[0.140s] Level 1:colcon.colcon_core.package_identification:_identify(.) by extension 'colcon_meta'
[0.140s] Level 1:colcon.colcon_core.package_identification:_identify(.) by extensions ['ros']
[0.141s] Level 1:colcon.colcon_core.package_identification:_identify(.) by extension 'ros'
[0.147s] Level 1:colcon.colcon_core.package_identification:_identify(.) by extensions ['cmake', 'python']
[0.147s] Level 1:colcon.colcon_core.package_identification:_identify(.) by extension 'cmake'
[0.147s] Level 1:colcon.colcon_core.package_identification:_identify(.) by extension 'python'
[0.147s] Level 1:colcon.colcon_core.package_identification:_identify(.) by extensions ['python_setup_py']
[0.147s] Level 1:colcon.colcon_core.package_identification:_identify(.) by extension 'python_setup_py'
[0.147s] Level 1:colcon.colcon_core.package_identification:_identify(build) by extensions ['ignore', 'ignore_ament_install']
[0.147s] Level 1:colcon.colcon_core.package_identification:_identify(build) by extension 'ignore'
[0.147s] Level 1:colcon.colcon_core.package_identification:_identify(build) ignored
[0.147s] Level 1:colcon.colcon_core.package_identification:_identify(install) by extensions ['ignore', 'ignore_ament_install']
[0.148s] Level 1:colcon.colcon_core.package_identification:_identify(install) by extension 'ignore'
[0.148s] Level 1:colcon.colcon_core.package_identification:_identify(install) ignored
[0.148s] Level 1:colcon.colcon_core.package_identification:_identify(log) by extensions ['ignore', 'ignore_ament_install']
[0.148s] Level 1:colcon.colcon_core.package_identification:_identify(log) by extension 'ignore'
[0.148s] Level 1:colcon.colcon_core.package_identification:_identify(log) ignored
[0.148s] Level 1:colcon.colcon_core.package_identification:_identify(src) by extensions ['ignore', 'ignore_ament_install']
[0.148s] Level 1:colcon.colcon_core.package_identification:_identify(src) by extension 'ignore'
[0.148s] Level 1:colcon.colcon_core.package_identification:_identify(src) by extension 'ignore_ament_install'
[0.148s] Level 1:colcon.colcon_core.package_identification:_identify(src) by extensions ['colcon_pkg']
[0.148s] Level 1:colcon.colcon_core.package_identification:_identify(src) by extension 'colcon_pkg'
[0.148s] Level 1:colcon.colcon_core.package_identification:_identify(src) by extensions ['colcon_meta']
[0.148s] Level 1:colcon.colcon_core.package_identification:_identify(src) by extension 'colcon_meta'
[0.148s] Level 1:colcon.colcon_core.package_identification:_identify(src) by extensions ['ros']
[0.148s] Level 1:colcon.colcon_core.package_identification:_identify(src) by extension 'ros'
[0.148s] Level 1:colcon.colcon_core.package_identification:_identify(src) by extensions ['cmake', 'python']
[0.148s] Level 1:colcon.colcon_core.package_identification:_identify(src) by extension 'cmake'
[0.148s] Level 1:colcon.colcon_core.package_identification:_identify(src) by extension 'python'
[0.148s] Level 1:colcon.colcon_core.package_identification:_identify(src) by extensions ['python_setup_py']
[0.148s] Level 1:colcon.colcon_core.package_identification:_identify(src) by extension 'python_setup_py'
[0.148s] Level 1:colcon.colcon_core.package_identification:_identify(src/composable_node_demo) by extensions ['ignore', 'ignore_ament_install']
[0.148s] Level 1:colcon.colcon_core.package_identification:_identify(src/composable_node_demo) by extension 'ignore'
[0.148s] Level 1:colcon.colcon_core.package_identification:_identify(src/composable_node_demo) by extension 'ignore_ament_install'
[0.148s] Level 1:colcon.colcon_core.package_identification:_identify(src/composable_node_demo) by extensions ['colcon_pkg']
[0.148s] Level 1:colcon.colcon_core.package_identification:_identify(src/composable_node_demo) by extension 'colcon_pkg'
[0.148s] Level 1:colcon.colcon_core.package_identification:_identify(src/composable_node_demo) by extensions ['colcon_meta']
[0.148s] Level 1:colcon.colcon_core.package_identification:_identify(src/composable_node_demo) by extension 'colcon_meta'
[0.148s] Level 1:colcon.colcon_core.package_identification:_identify(src/composable_node_demo) by extensions ['ros']
[0.148s] Level 1:colcon.colcon_core.package_identification:_identify(src/composable_node_demo) by extension 'ros'
[0.150s] DEBUG:colcon.colcon_core.package_identification:Package 'src/composable_node_demo' with type 'ros.ament_cmake' and name 'composable_node_demo'
[0.150s] Level 1:colcon.colcon_core.package_identification:_identify(src/interfaces) by extensions ['ignore', 'ignore_ament_install']
[0.150s] Level 1:colcon.colcon_core.package_identification:_identify(src/interfaces) by extension 'ignore'
[0.150s] Level 1:colcon.colcon_core.package_identification:_identify(src/interfaces) by extension 'ignore_ament_install'
[0.150s] Level 1:colcon.colcon_core.package_identification:_identify(src/interfaces) by extensions ['colcon_pkg']
[0.150s] Level 1:colcon.colcon_core.package_identification:_identify(src/interfaces) by extension 'colcon_pkg'
[0.150s] Level 1:colcon.colcon_core.package_identification:_identify(src/interfaces) by extensions ['colcon_meta']
[0.150s] Level 1:colcon.colcon_core.package_identification:_identify(src/interfaces) by extension 'colcon_meta'
[0.150s] Level 1:colcon.colcon_core.package_identification:_identify(src/interfaces) by extensions ['ros']
[0.150s] Level 1:colcon.colcon_core.package_identification:_identify(src/interfaces) by extension 'ros'
[0.150s] DEBUG:colcon.colcon_core.package_identification:Package 'src/interfaces' with type 'ros.ament_cmake' and name 'interfaces'
[0.150s] Level 1:colcon.colcon_core.package_discovery:discover_packages(recursive) using defaults
[0.150s] Level 1:colcon.colcon_core.package_discovery:discover_packages(ignore) discover
[0.150s] Level 1:colcon.colcon_core.package_discovery:discover_packages(ignore) using defaults
[0.150s] Level 1:colcon.colcon_core.package_discovery:discover_packages(path) discover
[0.150s] Level 1:colcon.colcon_core.package_discovery:discover_packages(path) using defaults
[0.162s] Level 1:colcon.colcon_core.package_discovery:discover_packages(prefix_path) check parameters
[0.162s] Level 1:colcon.colcon_core.package_discovery:discover_packages(prefix_path) discover
[0.163s] DEBUG:colcon.colcon_installed_package_information.package_discovery:Found 283 installed packages in /opt/ros/humble
[0.165s] Level 1:colcon.colcon_core.package_discovery:discover_packages(prefix_path) using defaults
[0.190s] Level 5:colcon.colcon_core.verb:set package 'interfaces' build argument 'cmake_args' from command line to 'None'
[0.190s] Level 5:colcon.colcon_core.verb:set package 'interfaces' build argument 'cmake_target' from command line to 'None'
[0.190s] Level 5:colcon.colcon_core.verb:set package 'interfaces' build argument 'cmake_target_skip_unavailable' from command line to 'False'
[0.190s] Level 5:colcon.colcon_core.verb:set package 'interfaces' build argument 'cmake_clean_cache' from command line to 'False'
[0.190s] Level 5:colcon.colcon_core.verb:set package 'interfaces' build argument 'cmake_clean_first' from command line to 'False'
[0.190s] Level 5:colcon.colcon_core.verb:set package 'interfaces' build argument 'cmake_force_configure' from command line to 'False'
[0.190s] Level 5:colcon.colcon_core.verb:set package 'interfaces' build argument 'ament_cmake_args' from command line to 'None'
[0.190s] Level 5:colcon.colcon_core.verb:set package 'interfaces' build argument 'catkin_cmake_args' from command line to 'None'
[0.190s] Level 5:colcon.colcon_core.verb:set package 'interfaces' build argument 'catkin_skip_building_tests' from command line to 'False'
[0.190s] DEBUG:colcon.colcon_core.verb:Building package 'interfaces' with the following arguments: {'ament_cmake_args': None, 'build_base': '/home/jwang/jwang/ros2_demo/build/interfaces', 'catkin_cmake_args': None, 'catkin_skip_building_tests': False, 'cmake_args': None, 'cmake_clean_cache': False, 'cmake_clean_first': False, 'cmake_force_configure': False, 'cmake_target': None, 'cmake_target_skip_unavailable': False, 'install_base': '/home/jwang/jwang/ros2_demo/install/interfaces', 'merge_install': False, 'path': '/home/jwang/jwang/ros2_demo/src/interfaces', 'symlink_install': False, 'test_result_base': None}
[0.191s] Level 5:colcon.colcon_core.verb:set package 'composable_node_demo' build argument 'cmake_args' from command line to 'None'
[0.191s] Level 5:colcon.colcon_core.verb:set package 'composable_node_demo' build argument 'cmake_target' from command line to 'None'
[0.191s] Level 5:colcon.colcon_core.verb:set package 'composable_node_demo' build argument 'cmake_target_skip_unavailable' from command line to 'False'
[0.191s] Level 5:colcon.colcon_core.verb:set package 'composable_node_demo' build argument 'cmake_clean_cache' from command line to 'False'
[0.191s] Level 5:colcon.colcon_core.verb:set package 'composable_node_demo' build argument 'cmake_clean_first' from command line to 'False'
[0.191s] Level 5:colcon.colcon_core.verb:set package 'composable_node_demo' build argument 'cmake_force_configure' from command line to 'False'
[0.191s] Level 5:colcon.colcon_core.verb:set package 'composable_node_demo' build argument 'ament_cmake_args' from command line to 'None'
[0.191s] Level 5:colcon.colcon_core.verb:set package 'composable_node_demo' build argument 'catkin_cmake_args' from command line to 'None'
[0.191s] Level 5:colcon.colcon_core.verb:set package 'composable_node_demo' build argument 'catkin_skip_building_tests' from command line to 'False'
[0.191s] DEBUG:colcon.colcon_core.verb:Building package 'composable_node_demo' with the following arguments: {'ament_cmake_args': None, 'build_base': '/home/jwang/jwang/ros2_demo/build/composable_node_demo', 'catkin_cmake_args': None, 'catkin_skip_building_tests': False, 'cmake_args': None, 'cmake_clean_cache': False, 'cmake_clean_first': False, 'cmake_force_configure': False, 'cmake_target': None, 'cmake_target_skip_unavailable': False, 'install_base': '/home/jwang/jwang/ros2_demo/install/composable_node_demo', 'merge_install': False, 'path': '/home/jwang/jwang/ros2_demo/src/composable_node_demo', 'symlink_install': False, 'test_result_base': None}
[0.191s] INFO:colcon.colcon_core.executor:Executing jobs using 'parallel' executor
[0.191s] DEBUG:colcon.colcon_parallel_executor.executor.parallel:run_until_complete
[0.192s] INFO:colcon.colcon_ros.task.ament_cmake.build:Building ROS package in '/home/jwang/jwang/ros2_demo/src/interfaces' with build type 'ament_cmake'
[0.192s] INFO:colcon.colcon_cmake.task.cmake.build:Building CMake package in '/home/jwang/jwang/ros2_demo/src/interfaces'
[0.193s] INFO:colcon.colcon_core.plugin_system:Skipping extension 'colcon_core.shell.bat': Not used on non-Windows systems
[0.193s] INFO:colcon.colcon_core.shell:Skip shell extension 'powershell' for command environment: Not usable outside of PowerShell
[0.193s] DEBUG:colcon.colcon_core.shell:Skip shell extension 'dsv' for command environment
[0.197s] DEBUG:colcon.colcon_core.event_handler.log_command:Invoking command in '/home/jwang/jwang/ros2_demo/build/interfaces': CMAKE_PREFIX_PATH=/opt/ros/humble CONDA_PROMPT_MODIFIER=(jwang) /usr/bin/cmake /home/jwang/jwang/ros2_demo/src/interfaces -DCMAKE_INSTALL_PREFIX=/home/jwang/jwang/ros2_demo/install/interfaces
[1.616s] DEBUG:colcon.colcon_core.event_handler.log_command:Invoked command in '/home/jwang/jwang/ros2_demo/build/interfaces' returned '0': CMAKE_PREFIX_PATH=/opt/ros/humble CONDA_PROMPT_MODIFIER=(jwang) /usr/bin/cmake /home/jwang/jwang/ros2_demo/src/interfaces -DCMAKE_INSTALL_PREFIX=/home/jwang/jwang/ros2_demo/install/interfaces
[1.617s] DEBUG:colcon.colcon_core.event_handler.log_command:Invoking command in '/home/jwang/jwang/ros2_demo/build/interfaces': CMAKE_PREFIX_PATH=/opt/ros/humble CONDA_PROMPT_MODIFIER=(jwang) /usr/bin/cmake --build /home/jwang/jwang/ros2_demo/build/interfaces -- -j16 -l16
[2.862s] DEBUG:colcon.colcon_core.event_handler.log_command:Invoked command in '/home/jwang/jwang/ros2_demo/build/interfaces' returned '0': CMAKE_PREFIX_PATH=/opt/ros/humble CONDA_PROMPT_MODIFIER=(jwang) /usr/bin/cmake --build /home/jwang/jwang/ros2_demo/build/interfaces -- -j16 -l16
[2.868s] DEBUG:colcon.colcon_core.event_handler.log_command:Invoking command in '/home/jwang/jwang/ros2_demo/build/interfaces': CMAKE_PREFIX_PATH=/opt/ros/humble CONDA_PROMPT_MODIFIER=(jwang) /usr/bin/cmake --install /home/jwang/jwang/ros2_demo/build/interfaces
[2.914s] Level 1:colcon.colcon_core.environment:create_environment_scripts_only(interfaces)
[2.914s] DEBUG:colcon.colcon_core.event_handler.log_command:Invoked command in '/home/jwang/jwang/ros2_demo/build/interfaces' returned '0': CMAKE_PREFIX_PATH=/opt/ros/humble CONDA_PROMPT_MODIFIER=(jwang) /usr/bin/cmake --install /home/jwang/jwang/ros2_demo/build/interfaces
[2.915s] Level 1:colcon.colcon_core.environment:checking '/home/jwang/jwang/ros2_demo/install/interfaces' for CMake module files
[2.915s] Level 1:colcon.colcon_core.environment:checking '/home/jwang/jwang/ros2_demo/install/interfaces' for CMake config files
[2.916s] Level 1:colcon.colcon_core.shell:create_environment_hook('interfaces', 'cmake_prefix_path')
[2.916s] INFO:colcon.colcon_core.shell:Creating environment hook '/home/jwang/jwang/ros2_demo/install/interfaces/share/interfaces/hook/cmake_prefix_path.ps1'
[2.916s] INFO:colcon.colcon_core.shell:Creating environment descriptor '/home/jwang/jwang/ros2_demo/install/interfaces/share/interfaces/hook/cmake_prefix_path.dsv'
[2.916s] INFO:colcon.colcon_core.shell:Creating environment hook '/home/jwang/jwang/ros2_demo/install/interfaces/share/interfaces/hook/cmake_prefix_path.sh'
[2.917s] Level 1:colcon.colcon_core.environment:checking '/home/jwang/jwang/ros2_demo/install/interfaces/lib'
[2.917s] Level 1:colcon.colcon_core.shell:create_environment_hook('interfaces', 'ld_library_path_lib')
[2.917s] INFO:colcon.colcon_core.shell:Creating environment hook '/home/jwang/jwang/ros2_demo/install/interfaces/share/interfaces/hook/ld_library_path_lib.ps1'
[2.917s] INFO:colcon.colcon_core.shell:Creating environment descriptor '/home/jwang/jwang/ros2_demo/install/interfaces/share/interfaces/hook/ld_library_path_lib.dsv'
[2.917s] INFO:colcon.colcon_core.shell:Creating environment hook '/home/jwang/jwang/ros2_demo/install/interfaces/share/interfaces/hook/ld_library_path_lib.sh'
[2.918s] Level 1:colcon.colcon_core.environment:checking '/home/jwang/jwang/ros2_demo/install/interfaces/bin'
[2.918s] Level 1:colcon.colcon_core.environment:checking '/home/jwang/jwang/ros2_demo/install/interfaces/lib/pkgconfig/interfaces.pc'
[2.918s] Level 1:colcon.colcon_core.environment:checking '/home/jwang/jwang/ros2_demo/install/interfaces/lib/python3.10/site-packages'
[2.918s] Level 1:colcon.colcon_core.environment:checking '/home/jwang/jwang/ros2_demo/install/interfaces/bin'
[2.918s] INFO:colcon.colcon_core.shell:Creating package script '/home/jwang/jwang/ros2_demo/install/interfaces/share/interfaces/package.ps1'
[2.919s] INFO:colcon.colcon_core.shell:Creating package descriptor '/home/jwang/jwang/ros2_demo/install/interfaces/share/interfaces/package.dsv'
[2.919s] INFO:colcon.colcon_core.shell:Creating package script '/home/jwang/jwang/ros2_demo/install/interfaces/share/interfaces/package.sh'
[2.919s] INFO:colcon.colcon_core.shell:Creating package script '/home/jwang/jwang/ros2_demo/install/interfaces/share/interfaces/package.bash'
[2.920s] INFO:colcon.colcon_core.shell:Creating package script '/home/jwang/jwang/ros2_demo/install/interfaces/share/interfaces/package.zsh'
[2.920s] Level 1:colcon.colcon_core.environment:create_file_with_runtime_dependencies(/home/jwang/jwang/ros2_demo/install/interfaces/share/colcon-core/packages/interfaces)
[2.920s] Level 1:colcon.colcon_core.environment:create_environment_scripts_only(interfaces)
[2.920s] Level 1:colcon.colcon_core.environment:checking '/home/jwang/jwang/ros2_demo/install/interfaces' for CMake module files
[2.921s] Level 1:colcon.colcon_core.environment:checking '/home/jwang/jwang/ros2_demo/install/interfaces' for CMake config files
[2.921s] Level 1:colcon.colcon_core.shell:create_environment_hook('interfaces', 'cmake_prefix_path')
[2.921s] INFO:colcon.colcon_core.shell:Creating environment hook '/home/jwang/jwang/ros2_demo/install/interfaces/share/interfaces/hook/cmake_prefix_path.ps1'
[2.921s] INFO:colcon.colcon_core.shell:Creating environment descriptor '/home/jwang/jwang/ros2_demo/install/interfaces/share/interfaces/hook/cmake_prefix_path.dsv'
[2.922s] INFO:colcon.colcon_core.shell:Creating environment hook '/home/jwang/jwang/ros2_demo/install/interfaces/share/interfaces/hook/cmake_prefix_path.sh'
[2.922s] Level 1:colcon.colcon_core.environment:checking '/home/jwang/jwang/ros2_demo/install/interfaces/lib'
[2.922s] Level 1:colcon.colcon_core.shell:create_environment_hook('interfaces', 'ld_library_path_lib')
[2.922s] INFO:colcon.colcon_core.shell:Creating environment hook '/home/jwang/jwang/ros2_demo/install/interfaces/share/interfaces/hook/ld_library_path_lib.ps1'
[2.922s] INFO:colcon.colcon_core.shell:Creating environment descriptor '/home/jwang/jwang/ros2_demo/install/interfaces/share/interfaces/hook/ld_library_path_lib.dsv'
[2.922s] INFO:colcon.colcon_core.shell:Creating environment hook '/home/jwang/jwang/ros2_demo/install/interfaces/share/interfaces/hook/ld_library_path_lib.sh'
[2.922s] Level 1:colcon.colcon_core.environment:checking '/home/jwang/jwang/ros2_demo/install/interfaces/bin'
[2.922s] Level 1:colcon.colcon_core.environment:checking '/home/jwang/jwang/ros2_demo/install/interfaces/lib/pkgconfig/interfaces.pc'
[2.923s] Level 1:colcon.colcon_core.environment:checking '/home/jwang/jwang/ros2_demo/install/interfaces/lib/python3.10/site-packages'
[2.923s] Level 1:colcon.colcon_core.environment:checking '/home/jwang/jwang/ros2_demo/install/interfaces/bin'
[2.923s] INFO:colcon.colcon_core.shell:Creating package script '/home/jwang/jwang/ros2_demo/install/interfaces/share/interfaces/package.ps1'
[2.923s] INFO:colcon.colcon_core.shell:Creating package descriptor '/home/jwang/jwang/ros2_demo/install/interfaces/share/interfaces/package.dsv'
[2.923s] INFO:colcon.colcon_core.shell:Creating package script '/home/jwang/jwang/ros2_demo/install/interfaces/share/interfaces/package.sh'
[2.924s] INFO:colcon.colcon_core.shell:Creating package script '/home/jwang/jwang/ros2_demo/install/interfaces/share/interfaces/package.bash'
[2.924s] INFO:colcon.colcon_core.shell:Creating package script '/home/jwang/jwang/ros2_demo/install/interfaces/share/interfaces/package.zsh'
[2.924s] Level 1:colcon.colcon_core.environment:create_file_with_runtime_dependencies(/home/jwang/jwang/ros2_demo/install/interfaces/share/colcon-core/packages/interfaces)
[2.924s] INFO:colcon.colcon_ros.task.ament_cmake.build:Building ROS package in '/home/jwang/jwang/ros2_demo/src/composable_node_demo' with build type 'ament_cmake'
[2.924s] INFO:colcon.colcon_cmake.task.cmake.build:Building CMake package in '/home/jwang/jwang/ros2_demo/src/composable_node_demo'
[2.924s] INFO:colcon.colcon_core.shell:Skip shell extension 'powershell' for command environment: Not usable outside of PowerShell
[2.924s] DEBUG:colcon.colcon_core.shell:Skip shell extension 'dsv' for command environment
[2.930s] DEBUG:colcon.colcon_core.event_handler.log_command:Invoking command in '/home/jwang/jwang/ros2_demo/build/composable_node_demo': AMENT_PREFIX_PATH=/home/jwang/jwang/ros2_demo/install/interfaces:${AMENT_PREFIX_PATH} CMAKE_PREFIX_PATH=/home/jwang/jwang/ros2_demo/install/interfaces:/opt/ros/humble CONDA_PROMPT_MODIFIER=(jwang) LD_LIBRARY_PATH=/home/jwang/jwang/ros2_demo/install/interfaces/lib:${LD_LIBRARY_PATH} PYTHONPATH=/home/jwang/jwang/ros2_demo/install/interfaces/lib/python3.8/site-packages:${PYTHONPATH} /usr/bin/cmake /home/jwang/jwang/ros2_demo/src/composable_node_demo -DCMAKE_INSTALL_PREFIX=/home/jwang/jwang/ros2_demo/install/composable_node_demo
[4.051s] DEBUG:colcon.colcon_core.event_handler.log_command:Invoked command in '/home/jwang/jwang/ros2_demo/build/composable_node_demo' returned '0': AMENT_PREFIX_PATH=/home/jwang/jwang/ros2_demo/install/interfaces:${AMENT_PREFIX_PATH} CMAKE_PREFIX_PATH=/home/jwang/jwang/ros2_demo/install/interfaces:/opt/ros/humble CONDA_PROMPT_MODIFIER=(jwang) LD_LIBRARY_PATH=/home/jwang/jwang/ros2_demo/install/interfaces/lib:${LD_LIBRARY_PATH} PYTHONPATH=/home/jwang/jwang/ros2_demo/install/interfaces/lib/python3.8/site-packages:${PYTHONPATH} /usr/bin/cmake /home/jwang/jwang/ros2_demo/src/composable_node_demo -DCMAKE_INSTALL_PREFIX=/home/jwang/jwang/ros2_demo/install/composable_node_demo
[4.052s] DEBUG:colcon.colcon_core.event_handler.log_command:Invoking command in '/home/jwang/jwang/ros2_demo/build/composable_node_demo': AMENT_PREFIX_PATH=/home/jwang/jwang/ros2_demo/install/interfaces:${AMENT_PREFIX_PATH} CMAKE_PREFIX_PATH=/home/jwang/jwang/ros2_demo/install/interfaces:/opt/ros/humble CONDA_PROMPT_MODIFIER=(jwang) LD_LIBRARY_PATH=/home/jwang/jwang/ros2_demo/install/interfaces/lib:${LD_LIBRARY_PATH} PYTHONPATH=/home/jwang/jwang/ros2_demo/install/interfaces/lib/python3.8/site-packages:${PYTHONPATH} /usr/bin/cmake --build /home/jwang/jwang/ros2_demo/build/composable_node_demo -- -j16 -l16
[13.155s] DEBUG:colcon.colcon_core.event_handler.log_command:Invoked command in '/home/jwang/jwang/ros2_demo/build/composable_node_demo' returned '0': AMENT_PREFIX_PATH=/home/jwang/jwang/ros2_demo/install/interfaces:${AMENT_PREFIX_PATH} CMAKE_PREFIX_PATH=/home/jwang/jwang/ros2_demo/install/interfaces:/opt/ros/humble CONDA_PROMPT_MODIFIER=(jwang) LD_LIBRARY_PATH=/home/jwang/jwang/ros2_demo/install/interfaces/lib:${LD_LIBRARY_PATH} PYTHONPATH=/home/jwang/jwang/ros2_demo/install/interfaces/lib/python3.8/site-packages:${PYTHONPATH} /usr/bin/cmake --build /home/jwang/jwang/ros2_demo/build/composable_node_demo -- -j16 -l16
[13.156s] DEBUG:colcon.colcon_core.event_handler.log_command:Invoking command in '/home/jwang/jwang/ros2_demo/build/composable_node_demo': AMENT_PREFIX_PATH=/home/jwang/jwang/ros2_demo/install/interfaces:${AMENT_PREFIX_PATH} CMAKE_PREFIX_PATH=/home/jwang/jwang/ros2_demo/install/interfaces:/opt/ros/humble CONDA_PROMPT_MODIFIER=(jwang) LD_LIBRARY_PATH=/home/jwang/jwang/ros2_demo/install/interfaces/lib:${LD_LIBRARY_PATH} PYTHONPATH=/home/jwang/jwang/ros2_demo/install/interfaces/lib/python3.8/site-packages:${PYTHONPATH} /usr/bin/cmake --install /home/jwang/jwang/ros2_demo/build/composable_node_demo
[13.176s] Level 1:colcon.colcon_core.environment:create_environment_scripts_only(composable_node_demo)
[13.176s] Level 1:colcon.colcon_core.environment:checking '/home/jwang/jwang/ros2_demo/install/composable_node_demo' for CMake module files
[13.177s] DEBUG:colcon.colcon_core.event_handler.log_command:Invoked command in '/home/jwang/jwang/ros2_demo/build/composable_node_demo' returned '0': AMENT_PREFIX_PATH=/home/jwang/jwang/ros2_demo/install/interfaces:${AMENT_PREFIX_PATH} CMAKE_PREFIX_PATH=/home/jwang/jwang/ros2_demo/install/interfaces:/opt/ros/humble CONDA_PROMPT_MODIFIER=(jwang) LD_LIBRARY_PATH=/home/jwang/jwang/ros2_demo/install/interfaces/lib:${LD_LIBRARY_PATH} PYTHONPATH=/home/jwang/jwang/ros2_demo/install/interfaces/lib/python3.8/site-packages:${PYTHONPATH} /usr/bin/cmake --install /home/jwang/jwang/ros2_demo/build/composable_node_demo
[13.177s] Level 1:colcon.colcon_core.environment:checking '/home/jwang/jwang/ros2_demo/install/composable_node_demo' for CMake config files
[13.177s] Level 1:colcon.colcon_core.shell:create_environment_hook('composable_node_demo', 'cmake_prefix_path')
[13.177s] INFO:colcon.colcon_core.shell:Creating environment hook '/home/jwang/jwang/ros2_demo/install/composable_node_demo/share/composable_node_demo/hook/cmake_prefix_path.ps1'
[13.177s] INFO:colcon.colcon_core.shell:Creating environment descriptor '/home/jwang/jwang/ros2_demo/install/composable_node_demo/share/composable_node_demo/hook/cmake_prefix_path.dsv'
[13.178s] INFO:colcon.colcon_core.shell:Creating environment hook '/home/jwang/jwang/ros2_demo/install/composable_node_demo/share/composable_node_demo/hook/cmake_prefix_path.sh'
[13.178s] Level 1:colcon.colcon_core.environment:checking '/home/jwang/jwang/ros2_demo/install/composable_node_demo/lib'
[13.178s] Level 1:colcon.colcon_core.shell:create_environment_hook('composable_node_demo', 'ld_library_path_lib')
[13.178s] INFO:colcon.colcon_core.shell:Creating environment hook '/home/jwang/jwang/ros2_demo/install/composable_node_demo/share/composable_node_demo/hook/ld_library_path_lib.ps1'
[13.178s] INFO:colcon.colcon_core.shell:Creating environment descriptor '/home/jwang/jwang/ros2_demo/install/composable_node_demo/share/composable_node_demo/hook/ld_library_path_lib.dsv'
[13.178s] INFO:colcon.colcon_core.shell:Creating environment hook '/home/jwang/jwang/ros2_demo/install/composable_node_demo/share/composable_node_demo/hook/ld_library_path_lib.sh'
[13.178s] Level 1:colcon.colcon_core.environment:checking '/home/jwang/jwang/ros2_demo/install/composable_node_demo/bin'
[13.179s] Level 1:colcon.colcon_core.environment:checking '/home/jwang/jwang/ros2_demo/install/composable_node_demo/lib/pkgconfig/composable_node_demo.pc'
[13.179s] Level 1:colcon.colcon_core.environment:checking '/home/jwang/jwang/ros2_demo/install/composable_node_demo/lib/python3.10/site-packages'
[13.179s] Level 1:colcon.colcon_core.environment:checking '/home/jwang/jwang/ros2_demo/install/composable_node_demo/bin'
[13.179s] INFO:colcon.colcon_core.shell:Creating package script '/home/jwang/jwang/ros2_demo/install/composable_node_demo/share/composable_node_demo/package.ps1'
[13.179s] INFO:colcon.colcon_core.shell:Creating package descriptor '/home/jwang/jwang/ros2_demo/install/composable_node_demo/share/composable_node_demo/package.dsv'
[13.180s] INFO:colcon.colcon_core.shell:Creating package script '/home/jwang/jwang/ros2_demo/install/composable_node_demo/share/composable_node_demo/package.sh'
[13.180s] INFO:colcon.colcon_core.shell:Creating package script '/home/jwang/jwang/ros2_demo/install/composable_node_demo/share/composable_node_demo/package.bash'
[13.180s] INFO:colcon.colcon_core.shell:Creating package script '/home/jwang/jwang/ros2_demo/install/composable_node_demo/share/composable_node_demo/package.zsh'
[13.180s] Level 1:colcon.colcon_core.environment:create_file_with_runtime_dependencies(/home/jwang/jwang/ros2_demo/install/composable_node_demo/share/colcon-core/packages/composable_node_demo)
[13.180s] Level 1:colcon.colcon_core.environment:create_environment_scripts_only(composable_node_demo)
[13.181s] Level 1:colcon.colcon_core.environment:checking '/home/jwang/jwang/ros2_demo/install/composable_node_demo' for CMake module files
[13.181s] Level 1:colcon.colcon_core.environment:checking '/home/jwang/jwang/ros2_demo/install/composable_node_demo' for CMake config files
[13.181s] Level 1:colcon.colcon_core.shell:create_environment_hook('composable_node_demo', 'cmake_prefix_path')
[13.181s] INFO:colcon.colcon_core.shell:Creating environment hook '/home/jwang/jwang/ros2_demo/install/composable_node_demo/share/composable_node_demo/hook/cmake_prefix_path.ps1'
[13.181s] INFO:colcon.colcon_core.shell:Creating environment descriptor '/home/jwang/jwang/ros2_demo/install/composable_node_demo/share/composable_node_demo/hook/cmake_prefix_path.dsv'
[13.181s] INFO:colcon.colcon_core.shell:Creating environment hook '/home/jwang/jwang/ros2_demo/install/composable_node_demo/share/composable_node_demo/hook/cmake_prefix_path.sh'
[13.182s] Level 1:colcon.colcon_core.environment:checking '/home/jwang/jwang/ros2_demo/install/composable_node_demo/lib'
[13.182s] Level 1:colcon.colcon_core.shell:create_environment_hook('composable_node_demo', 'ld_library_path_lib')
[13.182s] INFO:colcon.colcon_core.shell:Creating environment hook '/home/jwang/jwang/ros2_demo/install/composable_node_demo/share/composable_node_demo/hook/ld_library_path_lib.ps1'
[13.182s] INFO:colcon.colcon_core.shell:Creating environment descriptor '/home/jwang/jwang/ros2_demo/install/composable_node_demo/share/composable_node_demo/hook/ld_library_path_lib.dsv'
[13.182s] INFO:colcon.colcon_core.shell:Creating environment hook '/home/jwang/jwang/ros2_demo/install/composable_node_demo/share/composable_node_demo/hook/ld_library_path_lib.sh'
[13.182s] Level 1:colcon.colcon_core.environment:checking '/home/jwang/jwang/ros2_demo/install/composable_node_demo/bin'
[13.182s] Level 1:colcon.colcon_core.environment:checking '/home/jwang/jwang/ros2_demo/install/composable_node_demo/lib/pkgconfig/composable_node_demo.pc'
[13.183s] Level 1:colcon.colcon_core.environment:checking '/home/jwang/jwang/ros2_demo/install/composable_node_demo/lib/python3.10/site-packages'
[13.183s] Level 1:colcon.colcon_core.environment:checking '/home/jwang/jwang/ros2_demo/install/composable_node_demo/bin'
[13.183s] INFO:colcon.colcon_core.shell:Creating package script '/home/jwang/jwang/ros2_demo/install/composable_node_demo/share/composable_node_demo/package.ps1'
[13.183s] INFO:colcon.colcon_core.shell:Creating package descriptor '/home/jwang/jwang/ros2_demo/install/composable_node_demo/share/composable_node_demo/package.dsv'
[13.183s] INFO:colcon.colcon_core.shell:Creating package script '/home/jwang/jwang/ros2_demo/install/composable_node_demo/share/composable_node_demo/package.sh'
[13.184s] INFO:colcon.colcon_core.shell:Creating package script '/home/jwang/jwang/ros2_demo/install/composable_node_demo/share/composable_node_demo/package.bash'
[13.184s] INFO:colcon.colcon_core.shell:Creating package script '/home/jwang/jwang/ros2_demo/install/composable_node_demo/share/composable_node_demo/package.zsh'
[13.184s] Level 1:colcon.colcon_core.environment:create_file_with_runtime_dependencies(/home/jwang/jwang/ros2_demo/install/composable_node_demo/share/colcon-core/packages/composable_node_demo)
[13.184s] DEBUG:colcon.colcon_parallel_executor.executor.parallel:closing loop
[13.184s] DEBUG:colcon.colcon_parallel_executor.executor.parallel:loop closed
[13.184s] DEBUG:colcon.colcon_parallel_executor.executor.parallel:run_until_complete finished with '0'
[13.185s] DEBUG:colcon.colcon_core.event_reactor:joining thread
[13.188s] INFO:colcon.colcon_core.plugin_system:Skipping extension 'colcon_notification.desktop_notification.terminal_notifier': Not used on non-Darwin systems
[13.188s] INFO:colcon.colcon_core.plugin_system:Skipping extension 'colcon_notification.desktop_notification.win32': Not used on non-Windows systems
[13.188s] INFO:colcon.colcon_notification.desktop_notification:Sending desktop notification using 'notify2'
[13.196s] DEBUG:colcon.colcon_core.event_reactor:joined thread
[13.196s] INFO:colcon.colcon_core.shell:Creating prefix script '/home/jwang/jwang/ros2_demo/install/local_setup.ps1'
[13.197s] INFO:colcon.colcon_core.shell:Creating prefix util module '/home/jwang/jwang/ros2_demo/install/_local_setup_util_ps1.py'
[13.197s] INFO:colcon.colcon_core.shell:Creating prefix chain script '/home/jwang/jwang/ros2_demo/install/setup.ps1'
[13.198s] INFO:colcon.colcon_core.shell:Creating prefix script '/home/jwang/jwang/ros2_demo/install/local_setup.sh'
[13.198s] INFO:colcon.colcon_core.shell:Creating prefix util module '/home/jwang/jwang/ros2_demo/install/_local_setup_util_sh.py'
[13.198s] INFO:colcon.colcon_core.shell:Creating prefix chain script '/home/jwang/jwang/ros2_demo/install/setup.sh'
[13.199s] INFO:colcon.colcon_core.shell:Creating prefix script '/home/jwang/jwang/ros2_demo/install/local_setup.bash'
[13.199s] INFO:colcon.colcon_core.shell:Creating prefix chain script '/home/jwang/jwang/ros2_demo/install/setup.bash'
[13.200s] INFO:colcon.colcon_core.shell:Creating prefix script '/home/jwang/jwang/ros2_demo/install/local_setup.zsh'
[13.200s] INFO:colcon.colcon_core.shell:Creating prefix chain script '/home/jwang/jwang/ros2_demo/install/setup.zsh'
